2024-11-09 16:13:20,712 [INFO] Activator:176 - 


2024-11-09 16:13:20,718 [INFO] Activator:177 - !SESSION log4j initialized
2024-11-09 16:13:30,472 [INFO] LogOutputStream:77 - [STDOUT_REDIRECT] 
2024-11-09 16:13:32,983 [INFO] ApplicationProperties:184 - Using Application install path: C:\ST\STM32CubeIDE_1.14.1\STM32CubeIDE\plugins\com.st.stm32cube.common.mx_6.10.0.202311202037
2024-11-09 16:13:33,005 [INFO] DbMcusXml:78 - Set database path to: C:\ST\STM32CubeIDE_1.14.1\STM32CubeIDE\plugins\com.st.stm32cube.common.mx_6.10.0.202311202037\\db\/mcu/
2024-11-09 16:13:33,005 [INFO] ApiDb:274 - Set plugin database path to: C:\ST\STM32CubeIDE_1.14.1\STM32CubeIDE\plugins\com.st.stm32cube.common.mx_6.10.0.202311202037\\db\/plugins/boardmanager/
2024-11-09 16:13:33,005 [WARN] ApiDb:259 - Overriding images path with different value:  => C:\ST\STM32CubeIDE_1.14.1\STM32CubeIDE\plugins\com.st.stm32cube.common.mx_6.10.0.202311202037\\db\/plugins/mcufinder/images/
2024-11-09 16:13:33,030 [INFO] ApiDb:250 - Set database path to: C:\Users\Jigar\.stmcufinder\plugins\mcufinder//mcu/
2024-11-09 16:13:33,031 [INFO] DbMcusAds:125 - Set database path to: C:\Users\Jigar\.stmcufinder\plugins\mcufinder//mcu/
2024-11-09 16:13:33,033 [INFO] CrossReferenceDbSqlite:203 - Set database path to: C:\Users\Jigar\.stmcufinder\plugins\mcufinder//mcu/cs/
2024-11-09 16:13:33,154 [INFO] RulesReader:64 - Compatibility file has been processed (297 Rules)
2024-11-09 16:13:33,249 [INFO] DbMcusXml:78 - Set database path to: C:\ST\STM32CubeIDE_1.14.1\STM32CubeIDE\plugins\com.st.stm32cube.common.mx_6.10.0.202311202037\\db\/mcu/
2024-11-09 16:13:33,249 [INFO] ApiDb:274 - Set plugin database path to: C:\ST\STM32CubeIDE_1.14.1\STM32CubeIDE\plugins\com.st.stm32cube.common.mx_6.10.0.202311202037\\db\/plugins/boardmanager/
2024-11-09 16:13:33,249 [INFO] ApiDb:261 - Set plugin images path to: C:\ST\STM32CubeIDE_1.14.1\STM32CubeIDE\plugins\com.st.stm32cube.common.mx_6.10.0.202311202037\\db\/plugins/mcufinder/images/
2024-11-09 16:13:33,250 [WARN] DbFile:41 - Overriding database path with different value: C:\Users\Jigar\.stmcufinder\plugins\mcufinder/ => C:\Users\Jigar\.stmcufinder\plugins\mcufinder
2024-11-09 16:13:33,250 [INFO] ApiDb:250 - Set database path to: C:\Users\Jigar\.stmcufinder\plugins\mcufinder//mcu/
2024-11-09 16:13:33,250 [WARN] DbFile:41 - Overriding database path with different value: C:\Users\Jigar\.stmcufinder\plugins\mcufinder/ => C:\Users\Jigar\.stmcufinder\plugins\mcufinder
2024-11-09 16:13:33,250 [INFO] DbMcusAds:125 - Set database path to: C:\Users\Jigar\.stmcufinder\plugins\mcufinder//mcu/
2024-11-09 16:13:33,250 [WARN] DbFile:41 - Overriding database path with different value: C:\Users\Jigar\.stmcufinder\plugins\mcufinder/ => C:\Users\Jigar\.stmcufinder\plugins\mcufinder
2024-11-09 16:13:33,250 [WARN] DbFile:41 - Overriding database path with different value: C:\Users\Jigar\.stmcufinder\plugins\mcufinder/ => C:\Users\Jigar\.stmcufinder\plugins\mcufinder
2024-11-09 16:13:33,250 [INFO] CrossReferenceDbSqlite:203 - Set database path to: C:\Users\Jigar\.stmcufinder\plugins\mcufinder//mcu/cs/
2024-11-09 16:13:33,407 [INFO] MainPanel:264 - HeapMemory: 268435456
2024-11-09 16:13:33,517 [INFO] DbMcusXml:78 - Set database path to: C:\ST\STM32CubeIDE_1.14.1\STM32CubeIDE\plugins\com.st.stm32cube.common.mx_6.10.0.202311202037\\db\/mcu/
2024-11-09 16:13:33,517 [INFO] ApiDb:274 - Set plugin database path to: C:\ST\STM32CubeIDE_1.14.1\STM32CubeIDE\plugins\com.st.stm32cube.common.mx_6.10.0.202311202037\\db\/plugins/boardmanager/
2024-11-09 16:13:33,517 [INFO] ApiDb:261 - Set plugin images path to: C:\ST\STM32CubeIDE_1.14.1\STM32CubeIDE\plugins\com.st.stm32cube.common.mx_6.10.0.202311202037\\db\/plugins/mcufinder/images/
2024-11-09 16:13:33,518 [WARN] DbFile:41 - Overriding database path with different value: C:\Users\Jigar\.stmcufinder\plugins\mcufinder/ => C:\Users\Jigar\.stmcufinder\plugins\mcufinder
2024-11-09 16:13:33,518 [INFO] ApiDb:250 - Set database path to: C:\Users\Jigar\.stmcufinder\plugins\mcufinder//mcu/
2024-11-09 16:13:33,518 [WARN] DbFile:41 - Overriding database path with different value: C:\Users\Jigar\.stmcufinder\plugins\mcufinder/ => C:\Users\Jigar\.stmcufinder\plugins\mcufinder
2024-11-09 16:13:33,518 [INFO] DbMcusAds:125 - Set database path to: C:\Users\Jigar\.stmcufinder\plugins\mcufinder//mcu/
2024-11-09 16:13:33,518 [WARN] DbFile:41 - Overriding database path with different value: C:\Users\Jigar\.stmcufinder\plugins\mcufinder/ => C:\Users\Jigar\.stmcufinder\plugins\mcufinder
2024-11-09 16:13:33,518 [WARN] DbFile:41 - Overriding database path with different value: C:\Users\Jigar\.stmcufinder\plugins\mcufinder/ => C:\Users\Jigar\.stmcufinder\plugins\mcufinder
2024-11-09 16:13:33,518 [INFO] CrossReferenceDbSqlite:203 - Set database path to: C:\Users\Jigar\.stmcufinder\plugins\mcufinder//mcu/cs/
2024-11-09 16:13:33,540 [INFO] ApplicationProperties:184 - Using Application install path: C:\ST\STM32CubeIDE_1.14.1\STM32CubeIDE\plugins\com.st.stm32cube.common.mx_6.10.0.202311202037
2024-11-09 16:13:33,542 [INFO] PluginManage:196 - Search for loadable plugins [exclusion list=, ]
2024-11-09 16:13:33,544 [INFO] PluginManage:310 - Check plugin analytics
2024-11-09 16:13:33,809 [INFO] AnalyticsPlugin:253 - Accepted Software Licenses: 
2024-11-09 16:13:33,809 [INFO] AnalyticsPlugin:255 - Accepted CMSIS Pack Licenses: 
2024-11-09 16:13:33,809 [INFO] AnalyticsPlugin:257 - Accepted Firmware Licenses: FW.F4.1.28.0
2024-11-09 16:13:33,817 [INFO] PluginManage:359 - Loaded plugin analytics (category:tool,tabindex:-1)
2024-11-09 16:13:33,818 [INFO] PluginManage:310 - Check plugin cadmodel
2024-11-09 16:13:33,841 [INFO] CADModel:105 - Init CAD model plugin
2024-11-09 16:13:33,842 [INFO] PluginManage:359 - Loaded plugin cadmodel (category:power,tabindex:5)
2024-11-09 16:13:33,842 [INFO] PluginManage:310 - Check plugin clock
2024-11-09 16:13:33,879 [INFO] PluginManage:359 - Loaded plugin clock (category:base,tabindex:2)
2024-11-09 16:13:33,879 [INFO] PluginManage:310 - Check plugin ddr
2024-11-09 16:13:33,883 [INFO] PluginManage:359 - Loaded plugin ddr (category:tool,tabindex:6)
2024-11-09 16:13:33,883 [INFO] PluginManage:310 - Check plugin filemanager
2024-11-09 16:13:34,121 [INFO] PluginManage:359 - Loaded plugin filemanager (category:base,tabindex:10)
2024-11-09 16:13:34,121 [INFO] PluginManage:310 - Check plugin ipmanager
2024-11-09 16:13:34,132 [INFO] PluginManage:359 - Loaded plugin ipmanager (category:base,tabindex:5)
2024-11-09 16:13:34,132 [INFO] PluginManage:310 - Check plugin lpbam
2024-11-09 16:13:34,165 [INFO] PluginManage:359 - Loaded plugin lpbam (category:base,tabindex:0)
2024-11-09 16:13:34,165 [INFO] PluginManage:310 - Check plugin memorymap
2024-11-09 16:13:34,210 [INFO] PluginManage:359 - Loaded plugin memorymap (category:base,tabindex:4)
2024-11-09 16:13:34,210 [INFO] PluginManage:310 - Check plugin pinoutandconfiguration
2024-11-09 16:13:34,231 [INFO] PluginManage:359 - Loaded plugin pinoutandconfiguration (category:base,tabindex:1)
2024-11-09 16:13:34,231 [INFO] PluginManage:310 - Check plugin pinoutconfig
2024-11-09 16:13:34,440 [WARN] SupportedApi:132 - Cannot load RTOS API schema: s4s-elt-must-match.1: The content of 'definitions' must match (annotation?, (simpleType | complexType)?, (unique | key | keyref)*)). A problem was found starting at: attribute.
2024-11-09 16:13:34,702 [INFO] PluginManage:359 - Loaded plugin pinoutconfig (category:base,tabindex:0)
2024-11-09 16:13:34,702 [INFO] PluginManage:310 - Check plugin power
2024-11-09 16:13:34,837 [INFO] PluginManage:359 - Loaded plugin power (category:power,tabindex:4)
2024-11-09 16:13:34,837 [INFO] PluginManage:310 - Check plugin projectmanager
2024-11-09 16:13:34,854 [INFO] PluginManage:359 - Loaded plugin projectmanager (category:projectmanager,tabindex:3)
2024-11-09 16:13:34,855 [INFO] PluginManage:310 - Check plugin thirdparty
2024-11-09 16:13:35,382 [INFO] PluginManage:359 - Loaded plugin thirdparty (category:base,tabindex:-1)
2024-11-09 16:13:35,382 [WARN] IntegrityCheckThread:84 - waiting for thirdparty lock release [integrity check]
2024-11-09 16:13:35,382 [INFO] PluginManage:310 - Check plugin tools
2024-11-09 16:13:35,382 [INFO] IntegrityCheckThread:86 - entering critical section [integrity check]
2024-11-09 16:13:35,382 [INFO] ThirdPartyUpdaterWithRetryManager:70 - Updater plugin not ready yet. [1/15]
2024-11-09 16:13:35,425 [INFO] PluginManage:359 - Loaded plugin tools (category:base,tabindex:7)
2024-11-09 16:13:35,425 [INFO] PluginManage:310 - Check plugin tutovideos
2024-11-09 16:13:35,740 [INFO] PluginManage:359 - Loaded plugin tutovideos (category:base,tabindex:-1)
2024-11-09 16:13:35,740 [INFO] PluginManage:310 - Check plugin updater
2024-11-09 16:13:35,784 [INFO] PluginManage:359 - Loaded plugin updater (category:base,tabindex:12)
2024-11-09 16:13:35,785 [INFO] PluginManage:310 - Check plugin userauth
2024-11-09 16:13:35,792 [INFO] UserAuth:114 - Init User Auth plugin
2024-11-09 16:13:35,792 [INFO] PluginManage:359 - Loaded plugin userauth (category:base,tabindex:14)
2024-11-09 16:13:35,792 [INFO] PluginManage:283 - PluginManage : Loaded plugins [17]
2024-11-09 16:13:36,364 [INFO] PinOutPanel:1499 - setPackage(No Configuration,No Configuration)
2024-11-09 16:13:36,739 [INFO] CADModel:165 - CPN selected for project level
2024-11-09 16:13:36,739 [INFO] CADModel:114 - Register for checkConnection events
2024-11-09 16:13:36,808 [INFO] IPUIPlugin:80 - create IPUIPlugin
2024-11-09 16:13:36,808 [INFO] PluginManager:220 - loadIPPluginJar : add adc
2024-11-09 16:13:36,846 [INFO] IPUIPlugin:80 - create IPUIPlugin
2024-11-09 16:13:36,846 [INFO] PluginManager:220 - loadIPPluginJar : add aes
2024-11-09 16:13:36,893 [INFO] IPUIPlugin:80 - create IPUIPlugin
2024-11-09 16:13:36,893 [INFO] PluginManager:220 - loadIPPluginJar : add can
2024-11-09 16:13:36,921 [INFO] IPUIPlugin:80 - create IPUIPlugin
2024-11-09 16:13:36,921 [INFO] PluginManager:220 - loadIPPluginJar : add comp
2024-11-09 16:13:36,960 [INFO] IPUIPlugin:80 - create IPUIPlugin
2024-11-09 16:13:36,960 [INFO] PluginManager:220 - loadIPPluginJar : add cryp
2024-11-09 16:13:37,010 [INFO] IPUIPlugin:80 - create IPUIPlugin
2024-11-09 16:13:37,010 [INFO] PluginManager:220 - loadIPPluginJar : add dfsdm
2024-11-09 16:13:37,025 [INFO] IPUIPlugin:80 - create IPUIPlugin
2024-11-09 16:13:37,025 [INFO] PluginManager:220 - loadIPPluginJar : add dma
2024-11-09 16:13:37,076 [INFO] IPUIPlugin:80 - create IPUIPlugin
2024-11-09 16:13:37,076 [INFO] PluginManager:220 - loadIPPluginJar : add dma3
2024-11-09 16:13:37,096 [INFO] IPUIPlugin:80 - create IPUIPlugin
2024-11-09 16:13:37,096 [INFO] PluginManager:220 - loadIPPluginJar : add fatfs
2024-11-09 16:13:37,144 [INFO] IPUIPlugin:80 - create IPUIPlugin
2024-11-09 16:13:37,144 [INFO] PluginManager:220 - loadIPPluginJar : add fmc
2024-11-09 16:13:37,180 [INFO] IPUIPlugin:80 - create IPUIPlugin
2024-11-09 16:13:37,180 [INFO] PluginManager:220 - loadIPPluginJar : add freertos
2024-11-09 16:13:37,201 [INFO] IPUIPlugin:80 - create IPUIPlugin
2024-11-09 16:13:37,201 [INFO] PluginManager:220 - loadIPPluginJar : add genericplugin
2024-11-09 16:13:37,298 [INFO] IPUIPlugin:80 - create IPUIPlugin
2024-11-09 16:13:37,298 [INFO] PluginManager:220 - loadIPPluginJar : add gfxmmu
2024-11-09 16:13:37,465 [INFO] IPUIPlugin:80 - create IPUIPlugin
2024-11-09 16:13:37,465 [INFO] PluginManager:220 - loadIPPluginJar : add gic
2024-11-09 16:13:37,559 [INFO] IPUIPlugin:80 - create IPUIPlugin
2024-11-09 16:13:37,559 [INFO] PluginManager:220 - loadIPPluginJar : add gpio
2024-11-09 16:13:37,653 [INFO] IPUIPlugin:80 - create IPUIPlugin
2024-11-09 16:13:37,653 [INFO] PluginManager:220 - loadIPPluginJar : add gtzc
2024-11-09 16:13:37,687 [INFO] IPUIPlugin:80 - create IPUIPlugin
2024-11-09 16:13:37,687 [INFO] PluginManager:220 - loadIPPluginJar : add hash
2024-11-09 16:13:37,767 [INFO] IPUIPlugin:80 - create IPUIPlugin
2024-11-09 16:13:37,767 [INFO] PluginManager:220 - loadIPPluginJar : add i2c
2024-11-09 16:13:37,839 [INFO] IPUIPlugin:80 - create IPUIPlugin
2024-11-09 16:13:37,839 [INFO] PluginManager:220 - loadIPPluginJar : add i2s
2024-11-09 16:13:37,882 [INFO] IPUIPlugin:80 - create IPUIPlugin
2024-11-09 16:13:37,883 [INFO] PluginManager:220 - loadIPPluginJar : add i3c
2024-11-09 16:13:37,998 [INFO] IPUIPlugin:80 - create IPUIPlugin
2024-11-09 16:13:37,998 [INFO] PluginManager:220 - loadIPPluginJar : add ipddr
2024-11-09 16:13:38,112 [INFO] IPUIPlugin:80 - create IPUIPlugin
2024-11-09 16:13:38,112 [INFO] PluginManager:220 - loadIPPluginJar : add linkedlist
2024-11-09 16:13:38,155 [INFO] IPUIPlugin:80 - create IPUIPlugin
2024-11-09 16:13:38,155 [INFO] PluginManager:220 - loadIPPluginJar : add lorawan
2024-11-09 16:13:38,196 [INFO] IPUIPlugin:80 - create IPUIPlugin
2024-11-09 16:13:38,196 [INFO] PluginManager:220 - loadIPPluginJar : add ltdc
2024-11-09 16:13:38,211 [INFO] IPUIPlugin:80 - create IPUIPlugin
2024-11-09 16:13:38,212 [INFO] PluginManager:220 - loadIPPluginJar : add mdma
2024-11-09 16:13:38,226 [INFO] IPUIPlugin:80 - create IPUIPlugin
2024-11-09 16:13:38,226 [INFO] PluginManager:220 - loadIPPluginJar : add nvic
2024-11-09 16:13:38,281 [INFO] IPUIPlugin:80 - create IPUIPlugin
2024-11-09 16:13:38,282 [INFO] PluginManager:220 - loadIPPluginJar : add opamp
2024-11-09 16:13:38,377 [INFO] IPUIPlugin:80 - create IPUIPlugin
2024-11-09 16:13:38,377 [INFO] PluginManager:220 - loadIPPluginJar : add openamp
2024-11-09 16:13:38,383 [INFO] ThirdPartyUpdaterWithRetryManager:70 - Updater plugin not ready yet. [2/15]
2024-11-09 16:13:38,428 [INFO] IPUIPlugin:80 - create IPUIPlugin
2024-11-09 16:13:38,428 [INFO] PluginManager:220 - loadIPPluginJar : add pdm2pcm
2024-11-09 16:13:38,462 [INFO] IPUIPlugin:80 - create IPUIPlugin
2024-11-09 16:13:38,464 [INFO] PluginManager:220 - loadIPPluginJar : add plateformsettings
2024-11-09 16:13:38,508 [INFO] IPUIPlugin:80 - create IPUIPlugin
2024-11-09 16:13:38,508 [INFO] PluginManager:220 - loadIPPluginJar : add quadspi
2024-11-09 16:13:38,527 [INFO] IPUIPlugin:80 - create IPUIPlugin
2024-11-09 16:13:38,527 [INFO] PluginManager:220 - loadIPPluginJar : add resmgrutility
2024-11-09 16:13:38,604 [INFO] IPUIPlugin:80 - create IPUIPlugin
2024-11-09 16:13:38,604 [INFO] PluginManager:220 - loadIPPluginJar : add sai
2024-11-09 16:13:38,659 [INFO] IPUIPlugin:80 - create IPUIPlugin
2024-11-09 16:13:38,659 [INFO] PluginManager:220 - loadIPPluginJar : add spi
2024-11-09 16:13:38,755 [INFO] IPUIPlugin:80 - create IPUIPlugin
2024-11-09 16:13:38,755 [INFO] PluginManager:220 - loadIPPluginJar : add stm32_wpan
2024-11-09 16:13:38,815 [INFO] IPUIPlugin:80 - create IPUIPlugin
2024-11-09 16:13:38,815 [INFO] PluginManager:220 - loadIPPluginJar : add tim
2024-11-09 16:13:38,902 [INFO] IPUIPlugin:80 - create IPUIPlugin
2024-11-09 16:13:38,902 [INFO] PluginManager:220 - loadIPPluginJar : add touchsensing
2024-11-09 16:13:38,927 [INFO] IPUIPlugin:80 - create IPUIPlugin
2024-11-09 16:13:38,927 [INFO] PluginManager:220 - loadIPPluginJar : add tracer_emb
2024-11-09 16:13:38,975 [INFO] IPUIPlugin:80 - create IPUIPlugin
2024-11-09 16:13:38,975 [INFO] PluginManager:220 - loadIPPluginJar : add ts
2024-11-09 16:13:38,998 [INFO] IPUIPlugin:80 - create IPUIPlugin
2024-11-09 16:13:38,999 [INFO] PluginManager:220 - loadIPPluginJar : add tsc
2024-11-09 16:13:39,021 [INFO] IPUIPlugin:80 - create IPUIPlugin
2024-11-09 16:13:39,021 [INFO] PluginManager:220 - loadIPPluginJar : add ucpd
2024-11-09 16:13:39,084 [INFO] IPUIPlugin:80 - create IPUIPlugin
2024-11-09 16:13:39,085 [INFO] PluginManager:220 - loadIPPluginJar : add usart
2024-11-09 16:13:39,146 [INFO] IPUIPlugin:80 - create IPUIPlugin
2024-11-09 16:13:39,146 [INFO] PluginManager:220 - loadIPPluginJar : add usbx
2024-11-09 16:13:39,330 [INFO] CADModel:165 - CPN selected for project level
2024-11-09 16:13:39,330 [INFO] CADModel:114 - Register for checkConnection events
2024-11-09 16:13:39,331 [FATAL] Updater:308 - Updater called before beeing initialized
2024-11-09 16:13:39,331 [ERROR] CADModel:125 - Updater not yet initialized, retry later 
2024-11-09 16:13:39,595 [INFO] CADModel:165 - CPN selected for project level
2024-11-09 16:13:39,595 [INFO] CADModel:114 - Register for checkConnection events
2024-11-09 16:13:39,595 [FATAL] Updater:308 - Updater called before beeing initialized
2024-11-09 16:13:39,595 [ERROR] CADModel:125 - Updater not yet initialized, retry later 
2024-11-09 16:13:39,600 [FATAL] Updater:308 - Updater called before beeing initialized
2024-11-09 16:13:39,828 [FATAL] Updater:308 - Updater called before beeing initialized
2024-11-09 16:13:39,838 [INFO] DbMcusAds:53 - JSON generation date=Thu May 02 14:07:29 IST 2024 (1714639049318)
2024-11-09 16:13:39,838 [FATAL] Updater:308 - Updater called before beeing initialized
2024-11-09 16:13:39,955 [WARN] DetailPanel:346 - Failed to get advertising image, set to default
2024-11-09 16:13:40,185 [FATAL] Updater:308 - Updater called before beeing initialized
2024-11-09 16:13:40,215 [FATAL] Updater:308 - Updater called before beeing initialized
2024-11-09 16:13:40,215 [FATAL] Updater:308 - Updater called before beeing initialized
2024-11-09 16:13:40,215 [WARN] DetailPanel:346 - Failed to get advertising image, set to default
2024-11-09 16:13:40,216 [FATAL] Updater:308 - Updater called before beeing initialized
2024-11-09 16:13:40,304 [ERROR] Updater:1120 - MainUpdater not yet initialized. External WinMGr cannot be set.
2024-11-09 16:13:40,316 [INFO] Updater:1056 - Updater Version found : 6.10.0
2024-11-09 16:13:40,337 [INFO] ApplicationProperties:184 - Using Application install path: C:\ST\STM32CubeIDE_1.14.1\STM32CubeIDE\plugins\com.st.stm32cube.common.mx_6.10.0.202311202037
2024-11-09 16:13:40,774 [INFO] MainUpdater:2873 - connection check result : 10
2024-11-09 16:13:40,775 [INFO] MainUpdater:3567 - Updater definition file requires update
2024-11-09 16:13:40,776 [INFO] MainUpdater:290 - Updater Check For Update Now.
2024-11-09 16:13:40,776 [INFO] MicroXplorer:498 - Change Database Version : DB.6.0.100
2024-11-09 16:13:40,813 [INFO] ServerAccessManage:473 - Download File updaters.zip
2024-11-09 16:13:40,829 [INFO] McuFinderGlobals:63 - Set McuFinder mode to 2 (CubeIDE integrated)
2024-11-09 16:13:40,904 [INFO] FileExtend:240 - Unzip File : updaters.zip
2024-11-09 16:13:40,904 [INFO] FileExtend:255 - Standard Zip Deflate
2024-11-09 16:13:41,122 [INFO] UserAuth:404 - Internet connection configuration mode: 1
2024-11-09 16:13:41,177 [INFO] JxBrowserEngine:152 - Initiate JxBrowser Engine with user profile folder
2024-11-09 16:13:41,387 [WARN] MainUpdater:1194 - Updater busy. Cannot search thirdparties
2024-11-09 16:13:41,387 [INFO] ThirdPartyUpdaterWithRetryManager:96 - Updater plugin is busy. [1/15]
2024-11-09 16:13:42,050 [INFO] ServerAccessManage:473 - Download File PacksControlFlags.xml
2024-11-09 16:13:42,189 [INFO] ServerAccessManage:473 - Download File cubemx.pidx
2024-11-09 16:13:42,355 [INFO] LoadServerUpdatesThread:375 - End of LoadServerUpdate Thread
2024-11-09 16:13:42,567 [INFO] CheckServerUpdateThread:120 - End of CheckServer Thread
2024-11-09 16:13:44,921 [WARN] PackLoader:240 - Cannot read IP mode file for STMicroelectronics.FP-SNS-MOTENVWB1.1.4.0
2024-11-09 16:13:44,939 [WARN] PackLoader:240 - Cannot read IP mode file for STMicroelectronics.X-CUBE-SMBUS.2.1.0
2024-11-09 16:13:44,957 [WARN] PackLoader:240 - Cannot read IP mode file for STMicroelectronics.X-CUBE-WB05N.1.1.0
2024-11-09 16:13:44,972 [WARN] PackLoader:240 - Cannot read IP mode file for STMicroelectronics.X-CUBE-TOUCHGFX.4.23.0
2024-11-09 16:13:44,984 [WARN] PackLoader:240 - Cannot read IP mode file for STMicroelectronics.X-CUBE-TOUCHGFX.4.23.2
2024-11-09 16:13:45,026 [WARN] PackLoader:240 - Cannot read IP mode file for STMicroelectronics.X-CUBE-AZRTOS-F7.1.1.0
2024-11-09 16:13:45,048 [WARN] PackLoader:240 - Cannot read IP mode file for STMicroelectronics.FP-SNS-MOTENV1.4.3.2
2024-11-09 16:13:45,141 [WARN] PackLoader:240 - Cannot read IP mode file for STMicroelectronics.X-CUBE-MEMS1.11.0.0
2024-11-09 16:13:45,308 [WARN] PackLoader:240 - Cannot read IP mode file for STMicroelectronics.X-CUBE-BLE1.6.2.4
2024-11-09 16:13:45,327 [WARN] PackLoader:240 - Cannot read IP mode file for STMicroelectronics.FP-SNS-FLIGHT1.5.0.2
2024-11-09 16:13:45,352 [WARN] PackLoader:240 - Cannot read IP mode file for STMicroelectronics.X-CUBE-DISPLAY.3.0.0
2024-11-09 16:13:45,371 [WARN] PackLoader:240 - Cannot read IP mode file for STMicroelectronics.X-CUBE-BLE1.7.0.0
2024-11-09 16:13:45,393 [WARN] PackLoader:240 - Cannot read IP mode file for STMicroelectronics.X-CUBE-NFC10.1.0.0
2024-11-09 16:13:45,418 [WARN] PackLoader:240 - Cannot read IP mode file for STMicroelectronics.X-CUBE-BLEMGR.3.1.0
2024-11-09 16:13:45,439 [WARN] PackLoader:240 - Cannot read IP mode file for STMicroelectronics.FP-SNS-SMARTAG2.1.2.0
2024-11-09 16:13:45,463 [INFO] LogOutputStream:77 - [STDOUT_REDIRECT] 1 : Invalid condition id : UX_CORESTACK_Condition cause : null
2024-11-09 16:13:45,464 [INFO] LogOutputStream:77 - [STDOUT_REDIRECT] 1 : Invalid condition id : UX_CORESTACK_Condition cause : null
2024-11-09 16:13:45,465 [INFO] LogOutputStream:77 - [STDOUT_REDIRECT] 1 : Invalid condition id : UX_CORESTACK_Condition cause : null
2024-11-09 16:13:45,466 [INFO] LogOutputStream:77 - [STDOUT_REDIRECT] 1 : Invalid condition id : UX_CORESTACK_Condition cause : null
2024-11-09 16:13:45,468 [INFO] LogOutputStream:77 - [STDOUT_REDIRECT] 1 : Invalid condition id : UX_CORESTACK_Condition cause : null
2024-11-09 16:13:45,472 [WARN] PackLoader:240 - Cannot read IP mode file for STMicroelectronics.X-CUBE-AZRTOS-WL.2.0.0
2024-11-09 16:13:45,494 [WARN] PackLoader:240 - Cannot read IP mode file for STMicroelectronics.FP-SNS-MOTENV1.5.0.0
2024-11-09 16:13:45,511 [WARN] PackLoader:240 - Cannot read IP mode file for wolfSSL.I-CUBE-wolfMQTT.1.19.0
2024-11-09 16:13:45,528 [WARN] PackLoader:240 - Cannot read IP mode file for WES.I-CUBE-Cesium.1.3.0
2024-11-09 16:13:45,549 [WARN] PackLoader:240 - Cannot read IP mode file for STMicroelectronics.X-CUBE-BLE2.3.3.0
2024-11-09 16:13:45,568 [WARN] PackLoader:240 - Cannot read IP mode file for STMicroelectronics.X-CUBE-DISPLAY.2.2.0
2024-11-09 16:13:45,595 [WARN] PackLoader:240 - Cannot read IP mode file for STMicroelectronics.X-CUBE-TOF1.3.2.0
2024-11-09 16:13:45,645 [WARN] PackLoader:240 - Cannot read IP mode file for STMicroelectronics.X-CUBE-NFC9.1.0.0
2024-11-09 16:13:45,665 [WARN] PackLoader:240 - Cannot read IP mode file for STMicroelectronics.X-CUBE-TCPP.4.1.0
2024-11-09 16:13:45,682 [WARN] PackLoader:240 - Cannot read IP mode file for STMicroelectronics.X-CUBE-TOUCHGFX.4.21.1
2024-11-09 16:13:45,742 [WARN] PackLoader:240 - Cannot read IP mode file for STMicroelectronics.X-CUBE-MEMS1.9.4.0
2024-11-09 16:13:45,858 [WARN] PackLoader:240 - Cannot read IP mode file for STMicroelectronics.X-CUBE-AI.7.3.0
2024-11-09 16:13:45,876 [WARN] PackLoader:240 - Cannot read IP mode file for STMicroelectronics.X-CUBE-ALGOBUILD.1.3.0
2024-11-09 16:13:45,918 [WARN] PackLoader:240 - Cannot read IP mode file for STMicroelectronics.X-CUBE-AZRTOS-G0.1.1.0
2024-11-09 16:13:45,940 [WARN] PackLoader:240 - Cannot read IP mode file for STMicroelectronics.X-CUBE-SAFEA1.1.2.2
2024-11-09 16:13:45,959 [WARN] PackLoader:240 - Cannot read IP mode file for STMicroelectronics.X-CUBE-NFC4.3.0.0
2024-11-09 16:13:45,985 [WARN] PackLoader:240 - Cannot read IP mode file for EmbeddedOffice.I-CUBE-FS-RTOS.1.0.1
2024-11-09 16:13:45,986 [ERROR] ConditionMgr:805 - Attr not supported : Dmpu
2024-11-09 16:13:45,986 [ERROR] ConditionMgr:805 - Attr not supported : Dmpu
2024-11-09 16:13:45,986 [ERROR] ConditionMgr:805 - Attr not supported : Dmpu
2024-11-09 16:13:45,986 [ERROR] ConditionMgr:805 - Attr not supported : Dmpu
2024-11-09 16:13:45,986 [ERROR] ConditionMgr:805 - Attr not supported : Dmpu
2024-11-09 16:13:45,986 [ERROR] ConditionMgr:805 - Attr not supported : Dmpu
2024-11-09 16:13:45,986 [ERROR] ConditionMgr:805 - Attr not supported : Dmpu
2024-11-09 16:13:45,986 [ERROR] ConditionMgr:805 - Attr not supported : Dmpu
2024-11-09 16:13:45,986 [ERROR] ConditionMgr:805 - Attr not supported : Dmpu
2024-11-09 16:13:45,986 [ERROR] ConditionMgr:805 - Attr not supported : Dmpu
2024-11-09 16:13:45,986 [ERROR] ConditionMgr:805 - Attr not supported : Dmpu
2024-11-09 16:13:45,986 [ERROR] ConditionMgr:805 - Attr not supported : Dmpu
2024-11-09 16:13:45,987 [ERROR] ConditionMgr:805 - Attr not supported : Dmpu
2024-11-09 16:13:45,987 [ERROR] ConditionMgr:805 - Attr not supported : Dmpu
2024-11-09 16:13:45,987 [ERROR] ConditionMgr:805 - Attr not supported : Dmpu
2024-11-09 16:13:45,987 [ERROR] ConditionMgr:805 - Attr not supported : Dmpu
2024-11-09 16:13:45,987 [ERROR] ConditionMgr:805 - Attr not supported : Dmpu
2024-11-09 16:13:45,987 [ERROR] ConditionMgr:805 - Attr not supported : Dmpu
2024-11-09 16:13:45,987 [ERROR] ConditionMgr:805 - Attr not supported : Dmpu
2024-11-09 16:13:45,987 [ERROR] ConditionMgr:805 - Attr not supported : Dmpu
2024-11-09 16:13:45,987 [ERROR] ConditionMgr:805 - Attr not supported : Dmpu
2024-11-09 16:13:45,987 [ERROR] ConditionMgr:805 - Attr not supported : Dmpu
2024-11-09 16:13:45,987 [ERROR] ConditionMgr:805 - Attr not supported : Dmpu
2024-11-09 16:13:45,987 [ERROR] ConditionMgr:805 - Attr not supported : Dmpu
2024-11-09 16:13:45,988 [ERROR] ConditionMgr:805 - Attr not supported : Dmpu
2024-11-09 16:13:45,988 [ERROR] ConditionMgr:805 - Attr not supported : Dmpu
2024-11-09 16:13:45,988 [ERROR] ConditionMgr:805 - Attr not supported : Dmpu
2024-11-09 16:13:45,988 [ERROR] ConditionMgr:805 - Attr not supported : Dmpu
2024-11-09 16:13:45,988 [ERROR] ConditionMgr:805 - Attr not supported : Dmpu
2024-11-09 16:13:45,988 [ERROR] ConditionMgr:805 - Attr not supported : Dmpu
2024-11-09 16:13:45,988 [ERROR] ConditionMgr:805 - Attr not supported : Dmpu
2024-11-09 16:13:45,988 [ERROR] ConditionMgr:805 - Attr not supported : Dmpu
2024-11-09 16:13:45,988 [ERROR] ConditionMgr:805 - Attr not supported : Dmpu
2024-11-09 16:13:45,988 [ERROR] ConditionMgr:805 - Attr not supported : Dmpu
2024-11-09 16:13:45,988 [ERROR] ConditionMgr:805 - Attr not supported : Dmpu
2024-11-09 16:13:45,989 [ERROR] ConditionMgr:805 - Attr not supported : Dmpu
2024-11-09 16:13:45,989 [ERROR] ConditionMgr:805 - Attr not supported : Dmpu
2024-11-09 16:13:45,989 [ERROR] ConditionMgr:805 - Attr not supported : Dmpu
2024-11-09 16:13:45,989 [ERROR] ConditionMgr:805 - Attr not supported : Dmpu
2024-11-09 16:13:45,990 [ERROR] ConditionMgr:805 - Attr not supported : Dmpu
2024-11-09 16:13:45,990 [ERROR] ConditionMgr:805 - Attr not supported : Dmpu
2024-11-09 16:13:45,990 [ERROR] ConditionMgr:805 - Attr not supported : Dmpu
2024-11-09 16:13:45,990 [ERROR] ConditionMgr:805 - Attr not supported : Dmpu
2024-11-09 16:13:45,990 [ERROR] ConditionMgr:805 - Attr not supported : Dmpu
2024-11-09 16:13:45,990 [ERROR] ConditionMgr:805 - Attr not supported : Dmpu
2024-11-09 16:13:45,990 [ERROR] ConditionMgr:805 - Attr not supported : Dmpu
2024-11-09 16:13:45,990 [ERROR] ConditionMgr:805 - Attr not supported : Dmpu
2024-11-09 16:13:45,990 [ERROR] ConditionMgr:805 - Attr not supported : Dmpu
2024-11-09 16:13:45,990 [ERROR] ConditionMgr:805 - Attr not supported : Dmpu
2024-11-09 16:13:45,990 [ERROR] ConditionMgr:805 - Attr not supported : Dmpu
2024-11-09 16:13:45,990 [ERROR] ConditionMgr:805 - Attr not supported : Dmpu
2024-11-09 16:13:45,990 [ERROR] ConditionMgr:805 - Attr not supported : Dmpu
2024-11-09 16:13:45,991 [ERROR] ConditionMgr:805 - Attr not supported : Dmpu
2024-11-09 16:13:45,991 [ERROR] ConditionMgr:805 - Attr not supported : Dmpu
2024-11-09 16:13:45,991 [ERROR] ConditionMgr:805 - Attr not supported : Dmpu
2024-11-09 16:13:45,991 [ERROR] ConditionMgr:805 - Attr not supported : Dmpu
2024-11-09 16:13:45,991 [ERROR] ConditionMgr:805 - Attr not supported : Dmpu
2024-11-09 16:13:45,991 [ERROR] ConditionMgr:805 - Attr not supported : Dmpu
2024-11-09 16:13:45,991 [ERROR] ConditionMgr:805 - Attr not supported : Dmpu
2024-11-09 16:13:45,991 [ERROR] ConditionMgr:805 - Attr not supported : Dmpu
2024-11-09 16:13:45,991 [ERROR] ConditionMgr:805 - Attr not supported : Dmpu
2024-11-09 16:13:45,991 [ERROR] ConditionMgr:805 - Attr not supported : Dmpu
2024-11-09 16:13:45,991 [ERROR] ConditionMgr:805 - Attr not supported : Dmpu
2024-11-09 16:13:45,991 [ERROR] ConditionMgr:805 - Attr not supported : Dmpu
2024-11-09 16:13:46,015 [WARN] PackLoader:240 - Cannot read IP mode file for STMicroelectronics.X-CUBE-BLEMGR.3.0.0
2024-11-09 16:13:46,042 [WARN] PackLoader:240 - Cannot read IP mode file for STMicroelectronics.X-CUBE-BLEMGR.1.3.0
2024-11-09 16:13:46,066 [WARN] PackLoader:240 - Cannot read IP mode file for RealThread.X-CUBE-RT-Thread_Nano.4.1.1
2024-11-09 16:13:46,082 [WARN] PackLoader:240 - Cannot read IP mode file for STMicroelectronics.FP-ATR-SIGFOX1.3.2.0
2024-11-09 16:13:46,106 [WARN] PackLoader:240 - Cannot read IP mode file for STMicroelectronics.X-CUBE-EEPRMA1.5.1.0
2024-11-09 16:13:46,157 [WARN] PackLoader:240 - Cannot read IP mode file for SEGGER.I-CUBE-embOS.1.3.1
2024-11-09 16:13:46,201 [WARN] PackLoader:240 - Cannot read IP mode file for STMicroelectronics.X-CUBE-ALGOBUILD.1.4.0
2024-11-09 16:13:46,235 [WARN] PackLoader:240 - Cannot read IP mode file for SEGGER.I-CUBE-embOS.1.3.0
2024-11-09 16:13:46,277 [WARN] PackLoader:240 - Cannot read IP mode file for STMicroelectronics.X-CUBE-AI.9.1.0
2024-11-09 16:13:46,293 [WARN] PackLoader:240 - Cannot read IP mode file for STMicroelectronics.X-CUBE-GNSS1.6.0.0
2024-11-09 16:13:46,322 [WARN] PackLoader:240 - Cannot read IP mode file for STMicroelectronics.X-CUBE-AZRTOS-F4.1.1.0
2024-11-09 16:13:46,338 [WARN] PackLoader:240 - Cannot read IP mode file for STMicroelectronics.X-CUBE-ISPU.2.1.0
2024-11-09 16:13:46,354 [WARN] PackLoader:240 - Cannot read IP mode file for STMicroelectronics.X-CUBE-FREERTOS.1.2.0
2024-11-09 16:13:46,386 [WARN] PackLoader:240 - Cannot read IP mode file for STMicroelectronics.X-CUBE-AZRTOS-L5.2.0.0
2024-11-09 16:13:46,407 [WARN] PackLoader:240 - Cannot read IP mode file for STMicroelectronics.X-CUBE-NFC6.3.1.0
2024-11-09 16:13:46,425 [WARN] PackLoader:240 - Cannot read IP mode file for ITTIA_DB.I-CUBE-ITTIADB.8.8.0
2024-11-09 16:13:46,445 [WARN] PackLoader:240 - Cannot read IP mode file for emotas.I-CUBE-CANOPEN.1.1.3
2024-11-09 16:13:46,460 [WARN] PackLoader:240 - Cannot read IP mode file for STMicroelectronics.X-CUBE-DPower.1.2.0
2024-11-09 16:13:46,477 [WARN] PackLoader:240 - Cannot read IP mode file for STMicroelectronics.X-CUBE-AI.9.0.0
2024-11-09 16:13:46,493 [WARN] PackLoader:240 - Cannot read IP mode file for wolfSSL.I-CUBE-wolfSSL.5.5.4
2024-11-09 16:13:46,509 [WARN] PackLoader:240 - Cannot read IP mode file for STMicroelectronics.X-CUBE-NFC7.1.0.1
2024-11-09 16:13:46,525 [WARN] PackLoader:240 - Cannot read IP mode file for STMicroelectronics.X-CUBE-NFC7.1.0.0
2024-11-09 16:13:46,542 [WARN] PackLoader:240 - Cannot read IP mode file for STMicroelectronics.X-CUBE-NFC6.3.0.0
2024-11-09 16:13:46,557 [WARN] PackLoader:240 - Cannot read IP mode file for STMicroelectronics.X-CUBE-EEPRMA1.4.1.0
2024-11-09 16:13:46,572 [WARN] PackLoader:240 - Cannot read IP mode file for STMicroelectronics.X-CUBE-AI.8.1.0
2024-11-09 16:13:46,603 [WARN] ConditionMgr:438 - getConditionDescription Invalid condition id : LAN8742 Phy interface Condition cause : null
2024-11-09 16:13:46,604 [WARN] PackLoader:240 - Cannot read IP mode file for STMicroelectronics.X-CUBE-AZRTOS-L4.2.0.0
2024-11-09 16:13:46,606 [WARN] ConditionMgr:1039 - genDependencies : Invalid condition id : LAN8742 Phy interface Condition cause : null
2024-11-09 16:13:46,606 [WARN] ConditionMgr:1039 - genDependencies : Invalid condition id : LAN8742 Phy interface Condition cause : null
2024-11-09 16:13:46,606 [WARN] ConditionMgr:1039 - genDependencies : Invalid condition id : LAN8742 Phy interface Condition cause : null
2024-11-09 16:13:46,627 [WARN] PackLoader:240 - Cannot read IP mode file for STMicroelectronics.X-CUBE-SFXS2LP1.4.0.0
2024-11-09 16:13:46,654 [WARN] PackLoader:240 - Cannot read IP mode file for STMicroelectronics.X-CUBE-AZRTOS-H7.3.0.0
2024-11-09 16:13:46,670 [WARN] PackLoader:240 - Cannot read IP mode file for STMicroelectronics.X-CUBE-ISPU.1.1.0
2024-11-09 16:13:46,700 [WARN] PackLoader:240 - Cannot read IP mode file for STMicroelectronics.X-CUBE-AZRTOS-H7.3.3.0
2024-11-09 16:13:46,720 [WARN] PackLoader:240 - Cannot read IP mode file for RoweBots.I-CUBE-UNISONRTOS.5.5.0-4
2024-11-09 16:13:46,743 [WARN] PackLoader:240 - Cannot read IP mode file for STMicroelectronics.X-CUBE-IPS.3.0.0
2024-11-09 16:13:46,776 [WARN] ConditionMgr:438 - getConditionDescription Invalid condition id : UX DEVICE CLASS RTOS Condition cause : null
2024-11-09 16:13:46,777 [WARN] ConditionMgr:438 - getConditionDescription Invalid condition id : UX DEVICE CLASS RTOS Condition cause : null
2024-11-09 16:13:46,779 [WARN] PackLoader:240 - Cannot read IP mode file for STMicroelectronics.X-CUBE-AZRTOS-WB.2.0.0
2024-11-09 16:13:46,779 [WARN] ConditionMgr:1039 - genDependencies : Invalid condition id : UX DEVICE CLASS RTOS Condition cause : null
2024-11-09 16:13:46,780 [WARN] ConditionMgr:1039 - genDependencies : Invalid condition id : UX DEVICE CLASS RTOS Condition cause : null
2024-11-09 16:13:46,780 [WARN] ConditionMgr:1039 - genDependencies : Invalid condition id : UX DEVICE CLASS RTOS Condition cause : null
2024-11-09 16:13:46,780 [WARN] ConditionMgr:1039 - genDependencies : Invalid condition id : UX DEVICE CLASS RTOS Condition cause : null
2024-11-09 16:13:46,780 [WARN] ConditionMgr:1039 - genDependencies : Invalid condition id : UX DEVICE CLASS RTOS Condition cause : null
2024-11-09 16:13:46,796 [WARN] PackLoader:240 - Cannot read IP mode file for STMicroelectronics.X-CUBE-GNSS1.7.0.0
2024-11-09 16:13:46,814 [WARN] PackLoader:240 - Cannot read IP mode file for STMicroelectronics.FP-SNS-STBOX1.2.0.0
2024-11-09 16:13:46,842 [WARN] PackLoader:240 - Cannot read IP mode file for STMicroelectronics.X-CUBE-AZRTOS-L5.1.1.0
2024-11-09 16:13:46,867 [WARN] PackLoader:240 - Cannot read IP mode file for STMicroelectronics.X-CUBE-SUBG2.5.0.0
2024-11-09 16:13:46,898 [WARN] PackLoader:240 - Cannot read IP mode file for STMicroelectronics.X-CUBE-AZRTOS-G4.2.0.0
2024-11-09 16:13:46,913 [WARN] PackLoader:240 - Cannot read IP mode file for STMicroelectronics.FP-ATR-ASTRA1.1.1.1
2024-11-09 16:13:46,948 [WARN] PackLoader:240 - Cannot read IP mode file for Infineon.AIROC-Wi-Fi-Bluetooth-STM32.1.5.1
2024-11-09 16:13:46,966 [WARN] PackLoader:240 - Cannot read IP mode file for STMicroelectronics.FP-SNS-MOTENVWB1.1.3.1
2024-11-09 16:13:47,032 [WARN] PackLoader:240 - Cannot read IP mode file for STMicroelectronics.X-CUBE-AZRTOS-G4.1.0.0
2024-11-09 16:13:47,062 [WARN] PackLoader:240 - Cannot read IP mode file for STMicroelectronics.X-CUBE-AZRTOS-L4.1.0.0
2024-11-09 16:13:47,077 [WARN] PackLoader:240 - Cannot read IP mode file for STMicroelectronics.X-CUBE-ISPU.2.0.0
2024-11-09 16:13:47,091 [WARN] PackLoader:240 - Cannot read IP mode file for STMicroelectronics.X-CUBE-ALS.1.0.2
2024-11-09 16:13:47,150 [WARN] PackLoader:240 - Cannot read IP mode file for STMicroelectronics.X-CUBE-MEMS1.10.0.0
2024-11-09 16:13:47,244 [WARN] PackLoader:240 - Cannot read IP mode file for STMicroelectronics.X-CUBE-FREERTOS.1.1.0
2024-11-09 16:13:47,265 [WARN] PackLoader:240 - Cannot read IP mode file for STMicroelectronics.X-CUBE-AZRTOS-WL.1.0.0
2024-11-09 16:13:47,282 [WARN] PackLoader:240 - Cannot read IP mode file for STMicroelectronics.X-CUBE-TOUCHGFX.4.24.1
2024-11-09 16:13:47,300 [WARN] PackLoader:240 - Cannot read IP mode file for wolfSSL.I-CUBE-wolfTPM.3.4.0
2024-11-09 16:13:47,314 [WARN] PackLoader:240 - Cannot read IP mode file for portGmbH.I-Cube-SoM-uGOAL.1.1.0
2024-11-09 16:13:47,331 [WARN] PackLoader:240 - Cannot read IP mode file for STMicroelectronics.X-CUBE-ALS.1.0.1
2024-11-09 16:13:47,353 [WARN] PackLoader:240 - Cannot read IP mode file for STMicroelectronics.X-CUBE-AZRTOS-WB.1.1.0
2024-11-09 16:13:47,382 [WARN] PackLoader:240 - Cannot read IP mode file for STMicroelectronics.X-CUBE-AZRTOS-H7RS.1.0.0
2024-11-09 16:13:47,394 [WARN] PackLoader:240 - Cannot read IP mode file for STMicroelectronics.FP-ATR-ASTRA1.2.0.0
2024-11-09 16:13:47,414 [WARN] PackLoader:240 - Cannot read IP mode file for STMicroelectronics.X-CUBE-TOF1.3.4.2
2024-11-09 16:13:47,441 [WARN] PackLoader:240 - Cannot read IP mode file for STMicroelectronics.X-CUBE-TOF1.3.4.0
2024-11-09 16:13:47,464 [WARN] PackLoader:240 - Cannot read IP mode file for STMicroelectronics.X-CUBE-TOF1.3.4.1
2024-11-09 16:13:47,499 [WARN] PackLoader:240 - Cannot read IP mode file for STMicroelectronics.X-CUBE-AZRTOS-H7.3.2.0
2024-11-09 16:13:47,517 [WARN] PackLoader:240 - Cannot read IP mode file for wolfSSL.I-CUBE-wolfSSH.1.4.17
2024-11-09 16:13:47,518 [INFO] ThirdParty:978 - Integrity check success = true
2024-11-09 16:13:47,518 [INFO] IntegrityCheckThread:100 - exiting critical section [integrity check]
2024-11-09 16:13:47,518 [INFO] IntegrityCheckThread:103 - End integrity checks thread
2024-11-09 16:13:49,849 [INFO] WebApp:161 - Instantiating new browser for Auth
2024-11-09 16:13:50,789 [INFO] WebApp:780 - Register for checkConnection events
2024-11-09 16:13:50,789 [INFO] WebApp:414 - Apply proxy settings
2024-11-09 16:13:50,790 [INFO] WebApp:499 - Chromium requires no authentication
2024-11-09 16:13:50,798 [INFO] WebApp:442 - Direct internet connection detected
2024-11-09 16:13:51,087 [INFO] WebApp:192 - Starting web application
2024-11-09 16:13:51,087 [INFO] WebApp:544 - Web application path used C:\ST\STM32CubeIDE_1.14.1\STM32CubeIDE\plugins\com.st.stm32cube.common.mx_6.10.0.202311202037\db\plugins\mcufinder\reactClient1\index.html
2024-11-09 16:14:29,622 [ERROR] LogOutputStream:75 - [STDERR_REDIRECT] SLF4J: Failed to load class "org.slf4j.impl.StaticLoggerBinder".
2024-11-09 16:14:29,623 [ERROR] LogOutputStream:75 - [STDERR_REDIRECT] SLF4J: Defaulting to no-operation (NOP) logger implementation
2024-11-09 16:14:29,625 [ERROR] LogOutputStream:75 - [STDERR_REDIRECT] SLF4J: See http://www.slf4j.org/codes.html#StaticLoggerBinder for further details.
