2024-09-25 18:42:44,278 [INFO] Activator:176 - 


2024-09-25 18:42:44,285 [INFO] Activator:177 - !SESSION log4j initialized
2024-09-25 18:42:52,614 [INFO] LogOutputStream:77 - [STDOUT_REDIRECT] 
2024-09-25 18:43:06,123 [INFO] ApplicationProperties:184 - Using Application install path: C:\ST\STM32CubeIDE_1.14.1\STM32CubeIDE\plugins\com.st.stm32cube.common.mx_6.10.0.202311202037
2024-09-25 18:43:06,143 [INFO] DbMcusXml:78 - Set database path to: C:\ST\STM32CubeIDE_1.14.1\STM32CubeIDE\plugins\com.st.stm32cube.common.mx_6.10.0.202311202037\\db\/mcu/
2024-09-25 18:43:06,143 [INFO] ApiDb:274 - Set plugin database path to: C:\ST\STM32CubeIDE_1.14.1\STM32CubeIDE\plugins\com.st.stm32cube.common.mx_6.10.0.202311202037\\db\/plugins/boardmanager/
2024-09-25 18:43:06,145 [WARN] ApiDb:259 - Overriding images path with different value:  => C:\ST\STM32CubeIDE_1.14.1\STM32CubeIDE\plugins\com.st.stm32cube.common.mx_6.10.0.202311202037\\db\/plugins/mcufinder/images/
2024-09-25 18:43:06,161 [INFO] ApiDb:250 - Set database path to: C:\Users\Jigar\.stmcufinder\plugins\mcufinder//mcu/
2024-09-25 18:43:06,162 [INFO] DbMcusAds:125 - Set database path to: C:\Users\Jigar\.stmcufinder\plugins\mcufinder//mcu/
2024-09-25 18:43:06,164 [INFO] CrossReferenceDbSqlite:203 - Set database path to: C:\Users\Jigar\.stmcufinder\plugins\mcufinder//mcu/cs/
2024-09-25 18:43:06,279 [INFO] RulesReader:64 - Compatibility file has been processed (297 Rules)
2024-09-25 18:43:06,409 [INFO] DbMcusXml:78 - Set database path to: C:\ST\STM32CubeIDE_1.14.1\STM32CubeIDE\plugins\com.st.stm32cube.common.mx_6.10.0.202311202037\\db\/mcu/
2024-09-25 18:43:06,409 [INFO] ApiDb:274 - Set plugin database path to: C:\ST\STM32CubeIDE_1.14.1\STM32CubeIDE\plugins\com.st.stm32cube.common.mx_6.10.0.202311202037\\db\/plugins/boardmanager/
2024-09-25 18:43:06,409 [INFO] ApiDb:261 - Set plugin images path to: C:\ST\STM32CubeIDE_1.14.1\STM32CubeIDE\plugins\com.st.stm32cube.common.mx_6.10.0.202311202037\\db\/plugins/mcufinder/images/
2024-09-25 18:43:06,409 [WARN] DbFile:41 - Overriding database path with different value: C:\Users\Jigar\.stmcufinder\plugins\mcufinder/ => C:\Users\Jigar\.stmcufinder\plugins\mcufinder
2024-09-25 18:43:06,410 [INFO] ApiDb:250 - Set database path to: C:\Users\Jigar\.stmcufinder\plugins\mcufinder//mcu/
2024-09-25 18:43:06,410 [WARN] DbFile:41 - Overriding database path with different value: C:\Users\Jigar\.stmcufinder\plugins\mcufinder/ => C:\Users\Jigar\.stmcufinder\plugins\mcufinder
2024-09-25 18:43:06,410 [INFO] DbMcusAds:125 - Set database path to: C:\Users\Jigar\.stmcufinder\plugins\mcufinder//mcu/
2024-09-25 18:43:06,410 [WARN] DbFile:41 - Overriding database path with different value: C:\Users\Jigar\.stmcufinder\plugins\mcufinder/ => C:\Users\Jigar\.stmcufinder\plugins\mcufinder
2024-09-25 18:43:06,410 [WARN] DbFile:41 - Overriding database path with different value: C:\Users\Jigar\.stmcufinder\plugins\mcufinder/ => C:\Users\Jigar\.stmcufinder\plugins\mcufinder
2024-09-25 18:43:06,410 [INFO] CrossReferenceDbSqlite:203 - Set database path to: C:\Users\Jigar\.stmcufinder\plugins\mcufinder//mcu/cs/
2024-09-25 18:43:06,533 [INFO] MainPanel:264 - HeapMemory: 268435456
2024-09-25 18:43:06,702 [INFO] DbMcusXml:78 - Set database path to: C:\ST\STM32CubeIDE_1.14.1\STM32CubeIDE\plugins\com.st.stm32cube.common.mx_6.10.0.202311202037\\db\/mcu/
2024-09-25 18:43:06,703 [INFO] ApiDb:274 - Set plugin database path to: C:\ST\STM32CubeIDE_1.14.1\STM32CubeIDE\plugins\com.st.stm32cube.common.mx_6.10.0.202311202037\\db\/plugins/boardmanager/
2024-09-25 18:43:06,703 [INFO] ApiDb:261 - Set plugin images path to: C:\ST\STM32CubeIDE_1.14.1\STM32CubeIDE\plugins\com.st.stm32cube.common.mx_6.10.0.202311202037\\db\/plugins/mcufinder/images/
2024-09-25 18:43:06,704 [WARN] DbFile:41 - Overriding database path with different value: C:\Users\Jigar\.stmcufinder\plugins\mcufinder/ => C:\Users\Jigar\.stmcufinder\plugins\mcufinder
2024-09-25 18:43:06,704 [INFO] ApiDb:250 - Set database path to: C:\Users\Jigar\.stmcufinder\plugins\mcufinder//mcu/
2024-09-25 18:43:06,704 [WARN] DbFile:41 - Overriding database path with different value: C:\Users\Jigar\.stmcufinder\plugins\mcufinder/ => C:\Users\Jigar\.stmcufinder\plugins\mcufinder
2024-09-25 18:43:06,705 [INFO] DbMcusAds:125 - Set database path to: C:\Users\Jigar\.stmcufinder\plugins\mcufinder//mcu/
2024-09-25 18:43:06,705 [WARN] DbFile:41 - Overriding database path with different value: C:\Users\Jigar\.stmcufinder\plugins\mcufinder/ => C:\Users\Jigar\.stmcufinder\plugins\mcufinder
2024-09-25 18:43:06,706 [WARN] DbFile:41 - Overriding database path with different value: C:\Users\Jigar\.stmcufinder\plugins\mcufinder/ => C:\Users\Jigar\.stmcufinder\plugins\mcufinder
2024-09-25 18:43:06,706 [INFO] CrossReferenceDbSqlite:203 - Set database path to: C:\Users\Jigar\.stmcufinder\plugins\mcufinder//mcu/cs/
2024-09-25 18:43:06,739 [INFO] ApplicationProperties:184 - Using Application install path: C:\ST\STM32CubeIDE_1.14.1\STM32CubeIDE\plugins\com.st.stm32cube.common.mx_6.10.0.202311202037
2024-09-25 18:43:06,741 [INFO] PluginManage:196 - Search for loadable plugins [exclusion list=, ]
2024-09-25 18:43:06,744 [INFO] PluginManage:310 - Check plugin analytics
2024-09-25 18:43:07,006 [INFO] AnalyticsPlugin:253 - Accepted Software Licenses: 
2024-09-25 18:43:07,006 [INFO] AnalyticsPlugin:255 - Accepted CMSIS Pack Licenses: 
2024-09-25 18:43:07,006 [INFO] AnalyticsPlugin:257 - Accepted Firmware Licenses: FW.F4.1.28.0
2024-09-25 18:43:07,011 [INFO] PluginManage:359 - Loaded plugin analytics (category:tool,tabindex:-1)
2024-09-25 18:43:07,011 [INFO] PluginManage:310 - Check plugin cadmodel
2024-09-25 18:43:07,032 [INFO] CADModel:105 - Init CAD model plugin
2024-09-25 18:43:07,033 [INFO] PluginManage:359 - Loaded plugin cadmodel (category:power,tabindex:5)
2024-09-25 18:43:07,033 [INFO] PluginManage:310 - Check plugin clock
2024-09-25 18:43:07,060 [INFO] PluginManage:359 - Loaded plugin clock (category:base,tabindex:2)
2024-09-25 18:43:07,061 [INFO] PluginManage:310 - Check plugin ddr
2024-09-25 18:43:07,064 [INFO] PluginManage:359 - Loaded plugin ddr (category:tool,tabindex:6)
2024-09-25 18:43:07,064 [INFO] PluginManage:310 - Check plugin filemanager
2024-09-25 18:43:07,236 [INFO] PluginManage:359 - Loaded plugin filemanager (category:base,tabindex:10)
2024-09-25 18:43:07,236 [INFO] PluginManage:310 - Check plugin ipmanager
2024-09-25 18:43:07,246 [INFO] PluginManage:359 - Loaded plugin ipmanager (category:base,tabindex:5)
2024-09-25 18:43:07,246 [INFO] PluginManage:310 - Check plugin lpbam
2024-09-25 18:43:07,268 [INFO] PluginManage:359 - Loaded plugin lpbam (category:base,tabindex:0)
2024-09-25 18:43:07,268 [INFO] PluginManage:310 - Check plugin memorymap
2024-09-25 18:43:07,299 [INFO] PluginManage:359 - Loaded plugin memorymap (category:base,tabindex:4)
2024-09-25 18:43:07,299 [INFO] PluginManage:310 - Check plugin pinoutandconfiguration
2024-09-25 18:43:07,317 [INFO] PluginManage:359 - Loaded plugin pinoutandconfiguration (category:base,tabindex:1)
2024-09-25 18:43:07,317 [INFO] PluginManage:310 - Check plugin pinoutconfig
2024-09-25 18:43:07,409 [WARN] SupportedApi:132 - Cannot load RTOS API schema: s4s-elt-must-match.1: The content of 'definitions' must match (annotation?, (simpleType | complexType)?, (unique | key | keyref)*)). A problem was found starting at: attribute.
2024-09-25 18:43:07,567 [INFO] PluginManage:359 - Loaded plugin pinoutconfig (category:base,tabindex:0)
2024-09-25 18:43:07,567 [INFO] PluginManage:310 - Check plugin power
2024-09-25 18:43:07,595 [INFO] PluginManage:359 - Loaded plugin power (category:power,tabindex:4)
2024-09-25 18:43:07,595 [INFO] PluginManage:310 - Check plugin projectmanager
2024-09-25 18:43:07,616 [INFO] PluginManage:359 - Loaded plugin projectmanager (category:projectmanager,tabindex:3)
2024-09-25 18:43:07,616 [INFO] PluginManage:310 - Check plugin thirdparty
2024-09-25 18:43:07,931 [INFO] PluginManage:359 - Loaded plugin thirdparty (category:base,tabindex:-1)
2024-09-25 18:43:07,931 [INFO] PluginManage:310 - Check plugin tools
2024-09-25 18:43:07,931 [WARN] IntegrityCheckThread:84 - waiting for thirdparty lock release [integrity check]
2024-09-25 18:43:07,931 [INFO] IntegrityCheckThread:86 - entering critical section [integrity check]
2024-09-25 18:43:07,932 [INFO] ThirdPartyUpdaterWithRetryManager:70 - Updater plugin not ready yet. [1/15]
2024-09-25 18:43:07,969 [INFO] PluginManage:359 - Loaded plugin tools (category:base,tabindex:7)
2024-09-25 18:43:07,969 [INFO] PluginManage:310 - Check plugin tutovideos
2024-09-25 18:43:08,272 [INFO] PluginManage:359 - Loaded plugin tutovideos (category:base,tabindex:-1)
2024-09-25 18:43:08,272 [INFO] PluginManage:310 - Check plugin updater
2024-09-25 18:43:08,291 [INFO] PluginManage:359 - Loaded plugin updater (category:base,tabindex:12)
2024-09-25 18:43:08,291 [INFO] PluginManage:310 - Check plugin userauth
2024-09-25 18:43:08,301 [INFO] UserAuth:114 - Init User Auth plugin
2024-09-25 18:43:08,301 [INFO] PluginManage:359 - Loaded plugin userauth (category:base,tabindex:14)
2024-09-25 18:43:08,302 [INFO] PluginManage:283 - PluginManage : Loaded plugins [17]
2024-09-25 18:43:08,566 [INFO] PinOutPanel:1499 - setPackage(No Configuration,No Configuration)
2024-09-25 18:43:08,651 [INFO] CADModel:165 - CPN selected for project level
2024-09-25 18:43:08,652 [INFO] CADModel:114 - Register for checkConnection events
2024-09-25 18:43:08,683 [INFO] IPUIPlugin:80 - create IPUIPlugin
2024-09-25 18:43:08,684 [INFO] PluginManager:220 - loadIPPluginJar : add adc
2024-09-25 18:43:08,722 [INFO] IPUIPlugin:80 - create IPUIPlugin
2024-09-25 18:43:08,722 [INFO] PluginManager:220 - loadIPPluginJar : add aes
2024-09-25 18:43:08,765 [INFO] IPUIPlugin:80 - create IPUIPlugin
2024-09-25 18:43:08,766 [INFO] PluginManager:220 - loadIPPluginJar : add can
2024-09-25 18:43:08,791 [INFO] IPUIPlugin:80 - create IPUIPlugin
2024-09-25 18:43:08,792 [INFO] PluginManager:220 - loadIPPluginJar : add comp
2024-09-25 18:43:08,828 [INFO] IPUIPlugin:80 - create IPUIPlugin
2024-09-25 18:43:08,828 [INFO] PluginManager:220 - loadIPPluginJar : add cryp
2024-09-25 18:43:08,860 [INFO] IPUIPlugin:80 - create IPUIPlugin
2024-09-25 18:43:08,860 [INFO] PluginManager:220 - loadIPPluginJar : add dfsdm
2024-09-25 18:43:08,875 [INFO] IPUIPlugin:80 - create IPUIPlugin
2024-09-25 18:43:08,876 [INFO] PluginManager:220 - loadIPPluginJar : add dma
2024-09-25 18:43:08,924 [INFO] IPUIPlugin:80 - create IPUIPlugin
2024-09-25 18:43:08,924 [INFO] PluginManager:220 - loadIPPluginJar : add dma3
2024-09-25 18:43:08,947 [INFO] IPUIPlugin:80 - create IPUIPlugin
2024-09-25 18:43:08,947 [INFO] PluginManager:220 - loadIPPluginJar : add fatfs
2024-09-25 18:43:08,999 [INFO] IPUIPlugin:80 - create IPUIPlugin
2024-09-25 18:43:08,999 [INFO] PluginManager:220 - loadIPPluginJar : add fmc
2024-09-25 18:43:09,016 [INFO] IPUIPlugin:80 - create IPUIPlugin
2024-09-25 18:43:09,016 [INFO] PluginManager:220 - loadIPPluginJar : add freertos
2024-09-25 18:43:09,039 [INFO] IPUIPlugin:80 - create IPUIPlugin
2024-09-25 18:43:09,039 [INFO] PluginManager:220 - loadIPPluginJar : add genericplugin
2024-09-25 18:43:09,144 [INFO] IPUIPlugin:80 - create IPUIPlugin
2024-09-25 18:43:09,144 [INFO] PluginManager:220 - loadIPPluginJar : add gfxmmu
2024-09-25 18:43:09,284 [INFO] IPUIPlugin:80 - create IPUIPlugin
2024-09-25 18:43:09,284 [INFO] PluginManager:220 - loadIPPluginJar : add gic
2024-09-25 18:43:09,299 [INFO] IPUIPlugin:80 - create IPUIPlugin
2024-09-25 18:43:09,299 [INFO] PluginManager:220 - loadIPPluginJar : add gpio
2024-09-25 18:43:09,408 [INFO] IPUIPlugin:80 - create IPUIPlugin
2024-09-25 18:43:09,408 [INFO] PluginManager:220 - loadIPPluginJar : add gtzc
2024-09-25 18:43:09,450 [INFO] IPUIPlugin:80 - create IPUIPlugin
2024-09-25 18:43:09,451 [INFO] PluginManager:220 - loadIPPluginJar : add hash
2024-09-25 18:43:09,509 [INFO] IPUIPlugin:80 - create IPUIPlugin
2024-09-25 18:43:09,510 [INFO] PluginManager:220 - loadIPPluginJar : add i2c
2024-09-25 18:43:09,553 [INFO] IPUIPlugin:80 - create IPUIPlugin
2024-09-25 18:43:09,553 [INFO] PluginManager:220 - loadIPPluginJar : add i2s
2024-09-25 18:43:09,600 [INFO] IPUIPlugin:80 - create IPUIPlugin
2024-09-25 18:43:09,600 [INFO] PluginManager:220 - loadIPPluginJar : add i3c
2024-09-25 18:43:09,771 [INFO] IPUIPlugin:80 - create IPUIPlugin
2024-09-25 18:43:09,771 [INFO] PluginManager:220 - loadIPPluginJar : add ipddr
2024-09-25 18:43:09,882 [INFO] IPUIPlugin:80 - create IPUIPlugin
2024-09-25 18:43:09,883 [INFO] PluginManager:220 - loadIPPluginJar : add linkedlist
2024-09-25 18:43:09,923 [INFO] IPUIPlugin:80 - create IPUIPlugin
2024-09-25 18:43:09,923 [INFO] PluginManager:220 - loadIPPluginJar : add lorawan
2024-09-25 18:43:09,963 [INFO] IPUIPlugin:80 - create IPUIPlugin
2024-09-25 18:43:09,964 [INFO] PluginManager:220 - loadIPPluginJar : add ltdc
2024-09-25 18:43:09,978 [INFO] IPUIPlugin:80 - create IPUIPlugin
2024-09-25 18:43:09,980 [INFO] PluginManager:220 - loadIPPluginJar : add mdma
2024-09-25 18:43:09,993 [INFO] IPUIPlugin:80 - create IPUIPlugin
2024-09-25 18:43:09,993 [INFO] PluginManager:220 - loadIPPluginJar : add nvic
2024-09-25 18:43:10,033 [INFO] IPUIPlugin:80 - create IPUIPlugin
2024-09-25 18:43:10,033 [INFO] PluginManager:220 - loadIPPluginJar : add opamp
2024-09-25 18:43:10,102 [INFO] IPUIPlugin:80 - create IPUIPlugin
2024-09-25 18:43:10,102 [INFO] PluginManager:220 - loadIPPluginJar : add openamp
2024-09-25 18:43:10,150 [INFO] IPUIPlugin:80 - create IPUIPlugin
2024-09-25 18:43:10,150 [INFO] PluginManager:220 - loadIPPluginJar : add pdm2pcm
2024-09-25 18:43:10,165 [INFO] IPUIPlugin:80 - create IPUIPlugin
2024-09-25 18:43:10,167 [INFO] PluginManager:220 - loadIPPluginJar : add plateformsettings
2024-09-25 18:43:10,181 [ERROR] ConfigurationRetriever:142 - IOException on connection: sw-center.st.com
2024-09-25 18:43:10,181 [ERROR] ConfigurationRetriever:142 - IOException on connection: sw-center.st.com
2024-09-25 18:43:10,182 [ERROR] ConfigurationRetriever:142 - IOException on connection: sw-center.st.com
2024-09-25 18:43:10,182 [ERROR] ConfigurationRetriever:142 - IOException on connection: sw-center.st.com
2024-09-25 18:43:10,183 [ERROR] ConfigurationRetriever:142 - IOException on connection: sw-center.st.com
2024-09-25 18:43:10,183 [ERROR] ConfigurationRetriever:142 - IOException on connection: sw-center.st.com
2024-09-25 18:43:10,193 [INFO] IPUIPlugin:80 - create IPUIPlugin
2024-09-25 18:43:10,193 [INFO] PluginManager:220 - loadIPPluginJar : add quadspi
2024-09-25 18:43:10,207 [INFO] IPUIPlugin:80 - create IPUIPlugin
2024-09-25 18:43:10,207 [INFO] PluginManager:220 - loadIPPluginJar : add resmgrutility
2024-09-25 18:43:10,257 [INFO] IPUIPlugin:80 - create IPUIPlugin
2024-09-25 18:43:10,257 [INFO] PluginManager:220 - loadIPPluginJar : add sai
2024-09-25 18:43:10,299 [INFO] IPUIPlugin:80 - create IPUIPlugin
2024-09-25 18:43:10,299 [INFO] PluginManager:220 - loadIPPluginJar : add spi
2024-09-25 18:43:10,371 [INFO] IPUIPlugin:80 - create IPUIPlugin
2024-09-25 18:43:10,371 [INFO] PluginManager:220 - loadIPPluginJar : add stm32_wpan
2024-09-25 18:43:10,396 [INFO] IPUIPlugin:80 - create IPUIPlugin
2024-09-25 18:43:10,396 [INFO] PluginManager:220 - loadIPPluginJar : add tim
2024-09-25 18:43:10,454 [INFO] IPUIPlugin:80 - create IPUIPlugin
2024-09-25 18:43:10,454 [INFO] PluginManager:220 - loadIPPluginJar : add touchsensing
2024-09-25 18:43:10,479 [INFO] IPUIPlugin:80 - create IPUIPlugin
2024-09-25 18:43:10,479 [INFO] PluginManager:220 - loadIPPluginJar : add tracer_emb
2024-09-25 18:43:10,505 [INFO] IPUIPlugin:80 - create IPUIPlugin
2024-09-25 18:43:10,505 [INFO] PluginManager:220 - loadIPPluginJar : add ts
2024-09-25 18:43:10,529 [INFO] IPUIPlugin:80 - create IPUIPlugin
2024-09-25 18:43:10,529 [INFO] PluginManager:220 - loadIPPluginJar : add tsc
2024-09-25 18:43:10,553 [INFO] IPUIPlugin:80 - create IPUIPlugin
2024-09-25 18:43:10,553 [INFO] PluginManager:220 - loadIPPluginJar : add ucpd
2024-09-25 18:43:10,600 [INFO] IPUIPlugin:80 - create IPUIPlugin
2024-09-25 18:43:10,600 [INFO] PluginManager:220 - loadIPPluginJar : add usart
2024-09-25 18:43:10,647 [INFO] IPUIPlugin:80 - create IPUIPlugin
2024-09-25 18:43:10,647 [INFO] PluginManager:220 - loadIPPluginJar : add usbx
2024-09-25 18:43:10,780 [INFO] CADModel:165 - CPN selected for project level
2024-09-25 18:43:10,780 [INFO] CADModel:114 - Register for checkConnection events
2024-09-25 18:43:10,781 [FATAL] Updater:308 - Updater called before beeing initialized
2024-09-25 18:43:10,781 [ERROR] CADModel:125 - Updater not yet initialized, retry later 
2024-09-25 18:43:10,934 [INFO] ThirdPartyUpdaterWithRetryManager:70 - Updater plugin not ready yet. [2/15]
2024-09-25 18:43:11,007 [INFO] CADModel:165 - CPN selected for project level
2024-09-25 18:43:11,007 [INFO] CADModel:114 - Register for checkConnection events
2024-09-25 18:43:11,007 [FATAL] Updater:308 - Updater called before beeing initialized
2024-09-25 18:43:11,007 [ERROR] CADModel:125 - Updater not yet initialized, retry later 
2024-09-25 18:43:11,012 [FATAL] Updater:308 - Updater called before beeing initialized
2024-09-25 18:43:11,190 [FATAL] Updater:308 - Updater called before beeing initialized
2024-09-25 18:43:11,216 [INFO] DbMcusAds:53 - JSON generation date=Thu May 02 14:07:29 IST 2024 (1714639049318)
2024-09-25 18:43:11,217 [FATAL] Updater:308 - Updater called before beeing initialized
2024-09-25 18:43:11,353 [WARN] DetailPanel:346 - Failed to get advertising image, set to default
2024-09-25 18:43:11,459 [FATAL] Updater:308 - Updater called before beeing initialized
2024-09-25 18:43:11,461 [FATAL] Updater:308 - Updater called before beeing initialized
2024-09-25 18:43:11,461 [FATAL] Updater:308 - Updater called before beeing initialized
2024-09-25 18:43:11,461 [WARN] DetailPanel:346 - Failed to get advertising image, set to default
2024-09-25 18:43:11,462 [FATAL] Updater:308 - Updater called before beeing initialized
2024-09-25 18:43:11,564 [ERROR] Updater:1120 - MainUpdater not yet initialized. External WinMGr cannot be set.
2024-09-25 18:43:11,580 [INFO] Updater:1056 - Updater Version found : 6.10.0
2024-09-25 18:43:11,608 [INFO] ApplicationProperties:184 - Using Application install path: C:\ST\STM32CubeIDE_1.14.1\STM32CubeIDE\plugins\com.st.stm32cube.common.mx_6.10.0.202311202037
2024-09-25 18:43:11,923 [INFO] MainUpdater:2873 - connection check result : 22
2024-09-25 18:43:11,924 [INFO] MainUpdater:290 - Updater Check For Update Now.
2024-09-25 18:43:11,924 [INFO] MicroXplorer:498 - Change Database Version : DB.6.0.100
2024-09-25 18:43:11,945 [INFO] McuFinderGlobals:63 - Set McuFinder mode to 2 (CubeIDE integrated)
2024-09-25 18:43:12,016 [INFO] UserAuth:404 - Internet connection configuration mode: 2
2024-09-25 18:43:12,158 [INFO] CheckServerUpdateThread:120 - End of CheckServer Thread
2024-09-25 18:43:14,117 [WARN] PackLoader:240 - Cannot read IP mode file for STMicroelectronics.FP-SNS-MOTENVWB1.1.4.0
2024-09-25 18:43:14,134 [WARN] PackLoader:240 - Cannot read IP mode file for STMicroelectronics.X-CUBE-SMBUS.2.1.0
2024-09-25 18:43:14,147 [WARN] PackLoader:240 - Cannot read IP mode file for STMicroelectronics.X-CUBE-TOUCHGFX.4.23.0
2024-09-25 18:43:14,161 [WARN] PackLoader:240 - Cannot read IP mode file for STMicroelectronics.X-CUBE-TOUCHGFX.4.23.2
2024-09-25 18:43:14,208 [WARN] PackLoader:240 - Cannot read IP mode file for STMicroelectronics.X-CUBE-AZRTOS-F7.1.1.0
2024-09-25 18:43:14,228 [WARN] PackLoader:240 - Cannot read IP mode file for STMicroelectronics.FP-SNS-MOTENV1.4.3.2
2024-09-25 18:43:14,254 [WARN] PackLoader:240 - Cannot read IP mode file for STMicroelectronics.X-CUBE-BLE1.6.2.4
2024-09-25 18:43:14,272 [WARN] PackLoader:240 - Cannot read IP mode file for STMicroelectronics.FP-SNS-FLIGHT1.5.0.2
2024-09-25 18:43:14,294 [WARN] PackLoader:240 - Cannot read IP mode file for STMicroelectronics.X-CUBE-DISPLAY.3.0.0
2024-09-25 18:43:14,318 [WARN] PackLoader:240 - Cannot read IP mode file for STMicroelectronics.X-CUBE-BLE1.7.0.0
2024-09-25 18:43:14,343 [WARN] PackLoader:240 - Cannot read IP mode file for STMicroelectronics.X-CUBE-BLEMGR.3.1.0
2024-09-25 18:43:14,366 [WARN] PackLoader:240 - Cannot read IP mode file for STMicroelectronics.FP-SNS-SMARTAG2.1.2.0
2024-09-25 18:43:14,391 [INFO] LogOutputStream:77 - [STDOUT_REDIRECT] 1 : Invalid condition id : UX_CORESTACK_Condition cause : null
2024-09-25 18:43:14,391 [INFO] LogOutputStream:77 - [STDOUT_REDIRECT] 1 : Invalid condition id : UX_CORESTACK_Condition cause : null
2024-09-25 18:43:14,392 [INFO] LogOutputStream:77 - [STDOUT_REDIRECT] 1 : Invalid condition id : UX_CORESTACK_Condition cause : null
2024-09-25 18:43:14,393 [INFO] LogOutputStream:77 - [STDOUT_REDIRECT] 1 : Invalid condition id : UX_CORESTACK_Condition cause : null
2024-09-25 18:43:14,394 [INFO] LogOutputStream:77 - [STDOUT_REDIRECT] 1 : Invalid condition id : UX_CORESTACK_Condition cause : null
2024-09-25 18:43:14,397 [WARN] PackLoader:240 - Cannot read IP mode file for STMicroelectronics.X-CUBE-AZRTOS-WL.2.0.0
2024-09-25 18:43:14,412 [WARN] PackLoader:240 - Cannot read IP mode file for STMicroelectronics.FP-SNS-MOTENV1.5.0.0
2024-09-25 18:43:14,431 [WARN] PackLoader:240 - Cannot read IP mode file for WES.I-CUBE-Cesium.1.3.0
2024-09-25 18:43:14,445 [WARN] PackLoader:240 - Cannot read IP mode file for STMicroelectronics.X-CUBE-BLE2.3.3.0
2024-09-25 18:43:14,462 [WARN] PackLoader:240 - Cannot read IP mode file for STMicroelectronics.X-CUBE-DISPLAY.2.2.0
2024-09-25 18:43:14,486 [WARN] PackLoader:240 - Cannot read IP mode file for STMicroelectronics.X-CUBE-TOF1.3.2.0
2024-09-25 18:43:14,514 [WARN] PackLoader:240 - Cannot read IP mode file for STMicroelectronics.X-CUBE-TCPP.4.1.0
2024-09-25 18:43:14,536 [WARN] PackLoader:240 - Cannot read IP mode file for STMicroelectronics.X-CUBE-TOUCHGFX.4.21.1
2024-09-25 18:43:14,606 [WARN] PackLoader:240 - Cannot read IP mode file for STMicroelectronics.X-CUBE-MEMS1.9.4.0
2024-09-25 18:43:14,774 [WARN] PackLoader:240 - Cannot read IP mode file for STMicroelectronics.X-CUBE-AI.7.3.0
2024-09-25 18:43:14,791 [WARN] PackLoader:240 - Cannot read IP mode file for STMicroelectronics.X-CUBE-ALGOBUILD.1.3.0
2024-09-25 18:43:14,820 [WARN] PackLoader:240 - Cannot read IP mode file for STMicroelectronics.X-CUBE-AZRTOS-G0.1.1.0
2024-09-25 18:43:14,839 [WARN] PackLoader:240 - Cannot read IP mode file for STMicroelectronics.X-CUBE-SAFEA1.1.2.2
2024-09-25 18:43:14,854 [WARN] PackLoader:240 - Cannot read IP mode file for STMicroelectronics.X-CUBE-NFC4.3.0.0
2024-09-25 18:43:14,873 [WARN] PackLoader:240 - Cannot read IP mode file for STMicroelectronics.X-CUBE-BLEMGR.3.0.0
2024-09-25 18:43:14,893 [WARN] PackLoader:240 - Cannot read IP mode file for STMicroelectronics.X-CUBE-BLEMGR.1.3.0
2024-09-25 18:43:14,908 [WARN] PackLoader:240 - Cannot read IP mode file for STMicroelectronics.FP-ATR-SIGFOX1.3.2.0
2024-09-25 18:43:14,926 [WARN] PackLoader:240 - Cannot read IP mode file for STMicroelectronics.X-CUBE-EEPRMA1.5.1.0
2024-09-25 18:43:14,964 [WARN] PackLoader:240 - Cannot read IP mode file for SEGGER.I-CUBE-embOS.1.3.1
2024-09-25 18:43:15,037 [WARN] PackLoader:240 - Cannot read IP mode file for SEGGER.I-CUBE-embOS.1.3.0
2024-09-25 18:43:15,076 [WARN] PackLoader:240 - Cannot read IP mode file for STMicroelectronics.X-CUBE-GNSS1.6.0.0
2024-09-25 18:43:15,105 [WARN] PackLoader:240 - Cannot read IP mode file for STMicroelectronics.X-CUBE-AZRTOS-F4.1.1.0
2024-09-25 18:43:15,122 [WARN] PackLoader:240 - Cannot read IP mode file for STMicroelectronics.X-CUBE-FREERTOS.1.2.0
2024-09-25 18:43:15,149 [WARN] PackLoader:240 - Cannot read IP mode file for STMicroelectronics.X-CUBE-AZRTOS-L5.2.0.0
2024-09-25 18:43:15,168 [WARN] PackLoader:240 - Cannot read IP mode file for STMicroelectronics.X-CUBE-NFC6.3.1.0
2024-09-25 18:43:15,184 [WARN] PackLoader:240 - Cannot read IP mode file for ITTIA_DB.I-CUBE-ITTIADB.8.8.0
2024-09-25 18:43:15,200 [WARN] PackLoader:240 - Cannot read IP mode file for emotas.I-CUBE-CANOPEN.1.1.3
2024-09-25 18:43:15,215 [WARN] PackLoader:240 - Cannot read IP mode file for STMicroelectronics.X-CUBE-AI.9.0.0
2024-09-25 18:43:15,228 [WARN] PackLoader:240 - Cannot read IP mode file for wolfSSL.I-CUBE-wolfSSL.5.5.4
2024-09-25 18:43:15,242 [WARN] PackLoader:240 - Cannot read IP mode file for STMicroelectronics.X-CUBE-NFC7.1.0.1
2024-09-25 18:43:15,259 [WARN] PackLoader:240 - Cannot read IP mode file for STMicroelectronics.X-CUBE-NFC7.1.0.0
2024-09-25 18:43:15,277 [WARN] PackLoader:240 - Cannot read IP mode file for STMicroelectronics.X-CUBE-NFC6.3.0.0
2024-09-25 18:43:15,291 [WARN] PackLoader:240 - Cannot read IP mode file for STMicroelectronics.X-CUBE-EEPRMA1.4.1.0
2024-09-25 18:43:15,306 [WARN] PackLoader:240 - Cannot read IP mode file for STMicroelectronics.X-CUBE-AI.8.1.0
2024-09-25 18:43:15,336 [WARN] ConditionMgr:438 - getConditionDescription Invalid condition id : LAN8742 Phy interface Condition cause : null
2024-09-25 18:43:15,338 [WARN] PackLoader:240 - Cannot read IP mode file for STMicroelectronics.X-CUBE-AZRTOS-L4.2.0.0
2024-09-25 18:43:15,340 [WARN] ConditionMgr:1039 - genDependencies : Invalid condition id : LAN8742 Phy interface Condition cause : null
2024-09-25 18:43:15,340 [WARN] ConditionMgr:1039 - genDependencies : Invalid condition id : LAN8742 Phy interface Condition cause : null
2024-09-25 18:43:15,340 [WARN] ConditionMgr:1039 - genDependencies : Invalid condition id : LAN8742 Phy interface Condition cause : null
2024-09-25 18:43:15,355 [WARN] PackLoader:240 - Cannot read IP mode file for STMicroelectronics.X-CUBE-SFXS2LP1.4.0.0
2024-09-25 18:43:15,385 [WARN] PackLoader:240 - Cannot read IP mode file for STMicroelectronics.X-CUBE-AZRTOS-H7.3.0.0
2024-09-25 18:43:15,401 [WARN] PackLoader:240 - Cannot read IP mode file for STMicroelectronics.X-CUBE-ISPU.1.1.0
2024-09-25 18:43:15,416 [WARN] PackLoader:240 - Cannot read IP mode file for RoweBots.I-CUBE-UNISONRTOS.5.5.0-4
2024-09-25 18:43:15,444 [WARN] ConditionMgr:438 - getConditionDescription Invalid condition id : UX DEVICE CLASS RTOS Condition cause : null
2024-09-25 18:43:15,444 [WARN] ConditionMgr:438 - getConditionDescription Invalid condition id : UX DEVICE CLASS RTOS Condition cause : null
2024-09-25 18:43:15,446 [WARN] PackLoader:240 - Cannot read IP mode file for STMicroelectronics.X-CUBE-AZRTOS-WB.2.0.0
2024-09-25 18:43:15,446 [WARN] ConditionMgr:1039 - genDependencies : Invalid condition id : UX DEVICE CLASS RTOS Condition cause : null
2024-09-25 18:43:15,446 [WARN] ConditionMgr:1039 - genDependencies : Invalid condition id : UX DEVICE CLASS RTOS Condition cause : null
2024-09-25 18:43:15,447 [WARN] ConditionMgr:1039 - genDependencies : Invalid condition id : UX DEVICE CLASS RTOS Condition cause : null
2024-09-25 18:43:15,447 [WARN] ConditionMgr:1039 - genDependencies : Invalid condition id : UX DEVICE CLASS RTOS Condition cause : null
2024-09-25 18:43:15,447 [WARN] ConditionMgr:1039 - genDependencies : Invalid condition id : UX DEVICE CLASS RTOS Condition cause : null
2024-09-25 18:43:15,471 [WARN] PackLoader:240 - Cannot read IP mode file for STMicroelectronics.X-CUBE-AZRTOS-L5.1.1.0
2024-09-25 18:43:15,493 [WARN] PackLoader:240 - Cannot read IP mode file for STMicroelectronics.X-CUBE-SUBG2.5.0.0
2024-09-25 18:43:15,523 [WARN] PackLoader:240 - Cannot read IP mode file for STMicroelectronics.X-CUBE-AZRTOS-G4.2.0.0
2024-09-25 18:43:15,537 [WARN] PackLoader:240 - Cannot read IP mode file for STMicroelectronics.FP-ATR-ASTRA1.1.1.1
2024-09-25 18:43:15,559 [WARN] PackLoader:240 - Cannot read IP mode file for Infineon.AIROC-Wi-Fi-Bluetooth-STM32.1.5.1
2024-09-25 18:43:15,574 [WARN] PackLoader:240 - Cannot read IP mode file for STMicroelectronics.FP-SNS-MOTENVWB1.1.3.1
2024-09-25 18:43:15,597 [WARN] PackLoader:240 - Cannot read IP mode file for STMicroelectronics.X-CUBE-AZRTOS-G4.1.0.0
2024-09-25 18:43:15,626 [WARN] PackLoader:240 - Cannot read IP mode file for STMicroelectronics.X-CUBE-AZRTOS-L4.1.0.0
2024-09-25 18:43:15,642 [WARN] PackLoader:240 - Cannot read IP mode file for STMicroelectronics.X-CUBE-ISPU.2.0.0
2024-09-25 18:43:15,682 [WARN] PackLoader:240 - Cannot read IP mode file for STMicroelectronics.X-CUBE-MEMS1.10.0.0
2024-09-25 18:43:15,764 [WARN] PackLoader:240 - Cannot read IP mode file for STMicroelectronics.X-CUBE-FREERTOS.1.1.0
2024-09-25 18:43:15,784 [WARN] PackLoader:240 - Cannot read IP mode file for STMicroelectronics.X-CUBE-AZRTOS-WL.1.0.0
2024-09-25 18:43:15,800 [WARN] PackLoader:240 - Cannot read IP mode file for portGmbH.I-Cube-SoM-uGOAL.1.1.0
2024-09-25 18:43:15,816 [WARN] PackLoader:240 - Cannot read IP mode file for STMicroelectronics.X-CUBE-ALS.1.0.1
2024-09-25 18:43:15,845 [WARN] PackLoader:240 - Cannot read IP mode file for STMicroelectronics.X-CUBE-AZRTOS-WB.1.1.0
2024-09-25 18:43:15,875 [WARN] PackLoader:240 - Cannot read IP mode file for STMicroelectronics.X-CUBE-AZRTOS-H7RS.1.0.0
2024-09-25 18:43:15,890 [WARN] PackLoader:240 - Cannot read IP mode file for STMicroelectronics.FP-ATR-ASTRA1.2.0.0
2024-09-25 18:43:15,910 [WARN] PackLoader:240 - Cannot read IP mode file for STMicroelectronics.X-CUBE-TOF1.3.4.0
2024-09-25 18:43:15,936 [WARN] PackLoader:240 - Cannot read IP mode file for STMicroelectronics.X-CUBE-TOF1.3.4.1
2024-09-25 18:43:15,972 [WARN] PackLoader:240 - Cannot read IP mode file for STMicroelectronics.X-CUBE-AZRTOS-H7.3.2.0
2024-09-25 18:43:15,975 [INFO] ThirdParty:978 - Integrity check success = true
2024-09-25 18:43:15,975 [INFO] IntegrityCheckThread:100 - exiting critical section [integrity check]
2024-09-25 18:43:15,975 [INFO] IntegrityCheckThread:103 - End integrity checks thread
2024-09-25 18:43:32,876 [ERROR] LogOutputStream:75 - [STDERR_REDIRECT] SLF4J: Failed to load class "org.slf4j.impl.StaticLoggerBinder".
2024-09-25 18:43:32,876 [ERROR] LogOutputStream:75 - [STDERR_REDIRECT] SLF4J: Defaulting to no-operation (NOP) logger implementation
2024-09-25 18:43:32,877 [ERROR] LogOutputStream:75 - [STDERR_REDIRECT] SLF4J: See http://www.slf4j.org/codes.html#StaticLoggerBinder for further details.
