2024-05-05 12:38:09,894 [INFO] Activator:176 - 


2024-05-05 12:38:09,903 [INFO] Activator:177 - !SESSION log4j initialized
2024-05-05 12:38:18,547 [INFO] LogOutputStream:77 - [STDOUT_REDIRECT] 
2024-05-05 12:39:05,164 [INFO] ApplicationProperties:184 - Using Application install path: C:\ST\STM32CubeIDE_1.14.1\STM32CubeIDE\plugins\com.st.stm32cube.common.mx_6.10.0.202311202037
2024-05-05 12:39:05,431 [INFO] DbMcusXml:78 - Set database path to: C:\ST\STM32CubeIDE_1.14.1\STM32CubeIDE\plugins\com.st.stm32cube.common.mx_6.10.0.202311202037\\db\/mcu/
2024-05-05 12:39:05,431 [INFO] ApiDb:274 - Set plugin database path to: C:\ST\STM32CubeIDE_1.14.1\STM32CubeIDE\plugins\com.st.stm32cube.common.mx_6.10.0.202311202037\\db\/plugins/boardmanager/
2024-05-05 12:39:05,432 [WARN] ApiDb:259 - Overriding images path with different value:  => C:\ST\STM32CubeIDE_1.14.1\STM32CubeIDE\plugins\com.st.stm32cube.common.mx_6.10.0.202311202037\\db\/plugins/mcufinder/images/
2024-05-05 12:39:05,451 [INFO] ApiDb:250 - Set database path to: C:\Users\Jigar\.stmcufinder\plugins\mcufinder//mcu/
2024-05-05 12:39:05,453 [INFO] DbMcusAds:125 - Set database path to: C:\Users\Jigar\.stmcufinder\plugins\mcufinder//mcu/
2024-05-05 12:39:16,875 [INFO] CrossReferenceDbSqlite:203 - Set database path to: C:\Users\Jigar\.stmcufinder\plugins\mcufinder//mcu/cs/
2024-05-05 12:39:17,039 [INFO] RulesReader:64 - Compatibility file has been processed (297 Rules)
2024-05-05 12:39:17,190 [INFO] DbMcusXml:78 - Set database path to: C:\ST\STM32CubeIDE_1.14.1\STM32CubeIDE\plugins\com.st.stm32cube.common.mx_6.10.0.202311202037\\db\/mcu/
2024-05-05 12:39:17,190 [INFO] ApiDb:274 - Set plugin database path to: C:\ST\STM32CubeIDE_1.14.1\STM32CubeIDE\plugins\com.st.stm32cube.common.mx_6.10.0.202311202037\\db\/plugins/boardmanager/
2024-05-05 12:39:17,190 [INFO] ApiDb:261 - Set plugin images path to: C:\ST\STM32CubeIDE_1.14.1\STM32CubeIDE\plugins\com.st.stm32cube.common.mx_6.10.0.202311202037\\db\/plugins/mcufinder/images/
2024-05-05 12:39:17,190 [WARN] DbFile:41 - Overriding database path with different value: C:\Users\Jigar\.stmcufinder\plugins\mcufinder/ => C:\Users\Jigar\.stmcufinder\plugins\mcufinder
2024-05-05 12:39:17,190 [INFO] ApiDb:250 - Set database path to: C:\Users\Jigar\.stmcufinder\plugins\mcufinder//mcu/
2024-05-05 12:39:17,191 [WARN] DbFile:41 - Overriding database path with different value: C:\Users\Jigar\.stmcufinder\plugins\mcufinder/ => C:\Users\Jigar\.stmcufinder\plugins\mcufinder
2024-05-05 12:39:17,191 [INFO] DbMcusAds:125 - Set database path to: C:\Users\Jigar\.stmcufinder\plugins\mcufinder//mcu/
2024-05-05 12:39:17,191 [WARN] DbFile:41 - Overriding database path with different value: C:\Users\Jigar\.stmcufinder\plugins\mcufinder/ => C:\Users\Jigar\.stmcufinder\plugins\mcufinder
2024-05-05 12:39:17,191 [WARN] DbFile:41 - Overriding database path with different value: C:\Users\Jigar\.stmcufinder\plugins\mcufinder/ => C:\Users\Jigar\.stmcufinder\plugins\mcufinder
2024-05-05 12:39:17,191 [INFO] CrossReferenceDbSqlite:203 - Set database path to: C:\Users\Jigar\.stmcufinder\plugins\mcufinder//mcu/cs/
2024-05-05 12:39:17,322 [INFO] MainPanel:264 - HeapMemory: 268435456
2024-05-05 12:39:17,949 [INFO] DbMcusXml:78 - Set database path to: C:\ST\STM32CubeIDE_1.14.1\STM32CubeIDE\plugins\com.st.stm32cube.common.mx_6.10.0.202311202037\\db\/mcu/
2024-05-05 12:39:17,949 [INFO] ApiDb:274 - Set plugin database path to: C:\ST\STM32CubeIDE_1.14.1\STM32CubeIDE\plugins\com.st.stm32cube.common.mx_6.10.0.202311202037\\db\/plugins/boardmanager/
2024-05-05 12:39:17,949 [INFO] ApiDb:261 - Set plugin images path to: C:\ST\STM32CubeIDE_1.14.1\STM32CubeIDE\plugins\com.st.stm32cube.common.mx_6.10.0.202311202037\\db\/plugins/mcufinder/images/
2024-05-05 12:39:17,953 [WARN] DbFile:41 - Overriding database path with different value: C:\Users\Jigar\.stmcufinder\plugins\mcufinder/ => C:\Users\Jigar\.stmcufinder\plugins\mcufinder
2024-05-05 12:39:17,953 [INFO] ApiDb:250 - Set database path to: C:\Users\Jigar\.stmcufinder\plugins\mcufinder//mcu/
2024-05-05 12:39:17,953 [WARN] DbFile:41 - Overriding database path with different value: C:\Users\Jigar\.stmcufinder\plugins\mcufinder/ => C:\Users\Jigar\.stmcufinder\plugins\mcufinder
2024-05-05 12:39:17,954 [INFO] DbMcusAds:125 - Set database path to: C:\Users\Jigar\.stmcufinder\plugins\mcufinder//mcu/
2024-05-05 12:39:17,954 [WARN] DbFile:41 - Overriding database path with different value: C:\Users\Jigar\.stmcufinder\plugins\mcufinder/ => C:\Users\Jigar\.stmcufinder\plugins\mcufinder
2024-05-05 12:39:17,954 [WARN] DbFile:41 - Overriding database path with different value: C:\Users\Jigar\.stmcufinder\plugins\mcufinder/ => C:\Users\Jigar\.stmcufinder\plugins\mcufinder
2024-05-05 12:39:17,954 [INFO] CrossReferenceDbSqlite:203 - Set database path to: C:\Users\Jigar\.stmcufinder\plugins\mcufinder//mcu/cs/
2024-05-05 12:39:18,053 [INFO] ApplicationProperties:184 - Using Application install path: C:\ST\STM32CubeIDE_1.14.1\STM32CubeIDE\plugins\com.st.stm32cube.common.mx_6.10.0.202311202037
2024-05-05 12:39:18,074 [INFO] PluginManage:196 - Search for loadable plugins [exclusion list=, ]
2024-05-05 12:39:18,078 [INFO] PluginManage:310 - Check plugin analytics
2024-05-05 12:39:18,381 [INFO] AnalyticsPlugin:253 - Accepted Software Licenses: 
2024-05-05 12:39:18,381 [INFO] AnalyticsPlugin:255 - Accepted CMSIS Pack Licenses: 
2024-05-05 12:39:18,382 [INFO] AnalyticsPlugin:257 - Accepted Firmware Licenses: FW.F4.1.28.0
2024-05-05 12:39:18,385 [INFO] PluginManage:359 - Loaded plugin analytics (category:tool,tabindex:-1)
2024-05-05 12:39:18,385 [INFO] PluginManage:310 - Check plugin cadmodel
2024-05-05 12:39:18,404 [INFO] CADModel:105 - Init CAD model plugin
2024-05-05 12:39:18,404 [INFO] PluginManage:359 - Loaded plugin cadmodel (category:power,tabindex:5)
2024-05-05 12:39:18,404 [INFO] PluginManage:310 - Check plugin clock
2024-05-05 12:39:18,434 [INFO] PluginManage:359 - Loaded plugin clock (category:base,tabindex:2)
2024-05-05 12:39:18,434 [INFO] PluginManage:310 - Check plugin ddr
2024-05-05 12:39:18,439 [INFO] PluginManage:359 - Loaded plugin ddr (category:tool,tabindex:6)
2024-05-05 12:39:18,439 [INFO] PluginManage:310 - Check plugin filemanager
2024-05-05 12:39:18,631 [INFO] PluginManage:359 - Loaded plugin filemanager (category:base,tabindex:10)
2024-05-05 12:39:18,632 [INFO] PluginManage:310 - Check plugin ipmanager
2024-05-05 12:39:18,642 [INFO] PluginManage:359 - Loaded plugin ipmanager (category:base,tabindex:5)
2024-05-05 12:39:18,643 [INFO] PluginManage:310 - Check plugin lpbam
2024-05-05 12:39:18,663 [INFO] PluginManage:359 - Loaded plugin lpbam (category:base,tabindex:0)
2024-05-05 12:39:18,663 [INFO] PluginManage:310 - Check plugin memorymap
2024-05-05 12:39:18,701 [INFO] PluginManage:359 - Loaded plugin memorymap (category:base,tabindex:4)
2024-05-05 12:39:18,701 [INFO] PluginManage:310 - Check plugin pinoutandconfiguration
2024-05-05 12:39:18,721 [INFO] PluginManage:359 - Loaded plugin pinoutandconfiguration (category:base,tabindex:1)
2024-05-05 12:39:18,721 [INFO] PluginManage:310 - Check plugin pinoutconfig
2024-05-05 12:39:18,921 [WARN] SupportedApi:132 - Cannot load RTOS API schema: s4s-elt-must-match.1: The content of 'definitions' must match (annotation?, (simpleType | complexType)?, (unique | key | keyref)*)). A problem was found starting at: attribute.
2024-05-05 12:39:19,098 [INFO] PluginManage:359 - Loaded plugin pinoutconfig (category:base,tabindex:0)
2024-05-05 12:39:19,098 [INFO] PluginManage:310 - Check plugin power
2024-05-05 12:39:19,128 [INFO] PluginManage:359 - Loaded plugin power (category:power,tabindex:4)
2024-05-05 12:39:19,128 [INFO] PluginManage:310 - Check plugin projectmanager
2024-05-05 12:39:19,148 [INFO] PluginManage:359 - Loaded plugin projectmanager (category:projectmanager,tabindex:3)
2024-05-05 12:39:19,149 [INFO] PluginManage:310 - Check plugin thirdparty
2024-05-05 12:39:19,506 [INFO] PluginManage:359 - Loaded plugin thirdparty (category:base,tabindex:-1)
2024-05-05 12:39:19,506 [WARN] IntegrityCheckThread:84 - waiting for thirdparty lock release [integrity check]
2024-05-05 12:39:19,506 [INFO] PluginManage:310 - Check plugin tools
2024-05-05 12:39:19,506 [INFO] IntegrityCheckThread:86 - entering critical section [integrity check]
2024-05-05 12:39:19,507 [INFO] ThirdPartyUpdaterWithRetryManager:70 - Updater plugin not ready yet. [1/15]
2024-05-05 12:39:19,541 [INFO] PluginManage:359 - Loaded plugin tools (category:base,tabindex:7)
2024-05-05 12:39:19,542 [INFO] PluginManage:310 - Check plugin tutovideos
2024-05-05 12:39:19,858 [INFO] PluginManage:359 - Loaded plugin tutovideos (category:base,tabindex:-1)
2024-05-05 12:39:19,858 [INFO] PluginManage:310 - Check plugin updater
2024-05-05 12:39:19,877 [INFO] PluginManage:359 - Loaded plugin updater (category:base,tabindex:12)
2024-05-05 12:39:19,877 [INFO] PluginManage:310 - Check plugin userauth
2024-05-05 12:39:19,884 [INFO] UserAuth:114 - Init User Auth plugin
2024-05-05 12:39:19,884 [INFO] PluginManage:359 - Loaded plugin userauth (category:base,tabindex:14)
2024-05-05 12:39:19,886 [INFO] PluginManage:283 - PluginManage : Loaded plugins [17]
2024-05-05 12:39:20,268 [INFO] PinOutPanel:1499 - setPackage(No Configuration,No Configuration)
2024-05-05 12:39:20,360 [INFO] CADModel:165 - CPN selected for project level
2024-05-05 12:39:20,360 [INFO] CADModel:114 - Register for checkConnection events
2024-05-05 12:39:20,390 [INFO] IPUIPlugin:80 - create IPUIPlugin
2024-05-05 12:39:20,391 [INFO] PluginManager:220 - loadIPPluginJar : add adc
2024-05-05 12:39:20,427 [INFO] IPUIPlugin:80 - create IPUIPlugin
2024-05-05 12:39:20,427 [INFO] PluginManager:220 - loadIPPluginJar : add aes
2024-05-05 12:39:20,469 [INFO] IPUIPlugin:80 - create IPUIPlugin
2024-05-05 12:39:20,469 [INFO] PluginManager:220 - loadIPPluginJar : add can
2024-05-05 12:39:20,495 [INFO] IPUIPlugin:80 - create IPUIPlugin
2024-05-05 12:39:20,495 [INFO] PluginManager:220 - loadIPPluginJar : add comp
2024-05-05 12:39:20,528 [INFO] IPUIPlugin:80 - create IPUIPlugin
2024-05-05 12:39:20,529 [INFO] PluginManager:220 - loadIPPluginJar : add cryp
2024-05-05 12:39:20,562 [INFO] IPUIPlugin:80 - create IPUIPlugin
2024-05-05 12:39:20,562 [INFO] PluginManager:220 - loadIPPluginJar : add dfsdm
2024-05-05 12:39:20,578 [INFO] IPUIPlugin:80 - create IPUIPlugin
2024-05-05 12:39:20,579 [INFO] PluginManager:220 - loadIPPluginJar : add dma
2024-05-05 12:39:20,626 [INFO] IPUIPlugin:80 - create IPUIPlugin
2024-05-05 12:39:20,626 [INFO] PluginManager:220 - loadIPPluginJar : add dma3
2024-05-05 12:39:20,653 [INFO] IPUIPlugin:80 - create IPUIPlugin
2024-05-05 12:39:20,653 [INFO] PluginManager:220 - loadIPPluginJar : add fatfs
2024-05-05 12:39:20,704 [INFO] IPUIPlugin:80 - create IPUIPlugin
2024-05-05 12:39:20,704 [INFO] PluginManager:220 - loadIPPluginJar : add fmc
2024-05-05 12:39:20,722 [INFO] IPUIPlugin:80 - create IPUIPlugin
2024-05-05 12:39:20,722 [INFO] PluginManager:220 - loadIPPluginJar : add freertos
2024-05-05 12:39:20,744 [INFO] IPUIPlugin:80 - create IPUIPlugin
2024-05-05 12:39:20,744 [INFO] PluginManager:220 - loadIPPluginJar : add genericplugin
2024-05-05 12:39:20,853 [INFO] IPUIPlugin:80 - create IPUIPlugin
2024-05-05 12:39:20,853 [INFO] PluginManager:220 - loadIPPluginJar : add gfxmmu
2024-05-05 12:39:21,010 [INFO] IPUIPlugin:80 - create IPUIPlugin
2024-05-05 12:39:21,010 [INFO] PluginManager:220 - loadIPPluginJar : add gic
2024-05-05 12:39:21,094 [INFO] IPUIPlugin:80 - create IPUIPlugin
2024-05-05 12:39:21,094 [INFO] PluginManager:220 - loadIPPluginJar : add gpio
2024-05-05 12:39:21,250 [INFO] IPUIPlugin:80 - create IPUIPlugin
2024-05-05 12:39:21,250 [INFO] PluginManager:220 - loadIPPluginJar : add gtzc
2024-05-05 12:39:21,314 [INFO] IPUIPlugin:80 - create IPUIPlugin
2024-05-05 12:39:21,315 [INFO] PluginManager:220 - loadIPPluginJar : add hash
2024-05-05 12:39:21,403 [INFO] IPUIPlugin:80 - create IPUIPlugin
2024-05-05 12:39:21,403 [INFO] PluginManager:220 - loadIPPluginJar : add i2c
2024-05-05 12:39:21,468 [INFO] IPUIPlugin:80 - create IPUIPlugin
2024-05-05 12:39:21,468 [INFO] PluginManager:220 - loadIPPluginJar : add i2s
2024-05-05 12:39:21,550 [INFO] IPUIPlugin:80 - create IPUIPlugin
2024-05-05 12:39:21,550 [INFO] PluginManager:220 - loadIPPluginJar : add i3c
2024-05-05 12:39:21,865 [INFO] IPUIPlugin:80 - create IPUIPlugin
2024-05-05 12:39:21,865 [INFO] PluginManager:220 - loadIPPluginJar : add ipddr
2024-05-05 12:39:22,245 [INFO] IPUIPlugin:80 - create IPUIPlugin
2024-05-05 12:39:22,245 [INFO] PluginManager:220 - loadIPPluginJar : add linkedlist
2024-05-05 12:39:22,320 [INFO] IPUIPlugin:80 - create IPUIPlugin
2024-05-05 12:39:22,320 [INFO] PluginManager:220 - loadIPPluginJar : add lorawan
2024-05-05 12:39:22,383 [INFO] IPUIPlugin:80 - create IPUIPlugin
2024-05-05 12:39:22,383 [INFO] PluginManager:220 - loadIPPluginJar : add ltdc
2024-05-05 12:39:22,510 [INFO] ThirdPartyUpdaterWithRetryManager:70 - Updater plugin not ready yet. [2/15]
2024-05-05 12:39:22,511 [INFO] IPUIPlugin:80 - create IPUIPlugin
2024-05-05 12:39:22,523 [INFO] PluginManager:220 - loadIPPluginJar : add mdma
2024-05-05 12:39:22,612 [INFO] IPUIPlugin:80 - create IPUIPlugin
2024-05-05 12:39:22,612 [INFO] PluginManager:220 - loadIPPluginJar : add nvic
2024-05-05 12:39:22,682 [INFO] IPUIPlugin:80 - create IPUIPlugin
2024-05-05 12:39:22,682 [INFO] PluginManager:220 - loadIPPluginJar : add opamp
2024-05-05 12:39:22,755 [INFO] IPUIPlugin:80 - create IPUIPlugin
2024-05-05 12:39:22,755 [INFO] PluginManager:220 - loadIPPluginJar : add openamp
2024-05-05 12:39:22,814 [INFO] IPUIPlugin:80 - create IPUIPlugin
2024-05-05 12:39:22,814 [INFO] PluginManager:220 - loadIPPluginJar : add pdm2pcm
2024-05-05 12:39:22,872 [INFO] IPUIPlugin:80 - create IPUIPlugin
2024-05-05 12:39:22,874 [INFO] PluginManager:220 - loadIPPluginJar : add plateformsettings
2024-05-05 12:39:22,916 [INFO] IPUIPlugin:80 - create IPUIPlugin
2024-05-05 12:39:22,916 [INFO] PluginManager:220 - loadIPPluginJar : add quadspi
2024-05-05 12:39:22,965 [INFO] IPUIPlugin:80 - create IPUIPlugin
2024-05-05 12:39:22,965 [INFO] PluginManager:220 - loadIPPluginJar : add resmgrutility
2024-05-05 12:39:23,018 [INFO] IPUIPlugin:80 - create IPUIPlugin
2024-05-05 12:39:23,019 [INFO] PluginManager:220 - loadIPPluginJar : add sai
2024-05-05 12:39:23,076 [INFO] IPUIPlugin:80 - create IPUIPlugin
2024-05-05 12:39:23,076 [INFO] PluginManager:220 - loadIPPluginJar : add spi
2024-05-05 12:39:23,186 [INFO] IPUIPlugin:80 - create IPUIPlugin
2024-05-05 12:39:23,186 [INFO] PluginManager:220 - loadIPPluginJar : add stm32_wpan
2024-05-05 12:39:23,214 [INFO] IPUIPlugin:80 - create IPUIPlugin
2024-05-05 12:39:23,214 [INFO] PluginManager:220 - loadIPPluginJar : add tim
2024-05-05 12:39:23,275 [INFO] IPUIPlugin:80 - create IPUIPlugin
2024-05-05 12:39:23,275 [INFO] PluginManager:220 - loadIPPluginJar : add touchsensing
2024-05-05 12:39:23,329 [INFO] IPUIPlugin:80 - create IPUIPlugin
2024-05-05 12:39:23,330 [INFO] PluginManager:220 - loadIPPluginJar : add tracer_emb
2024-05-05 12:39:23,361 [INFO] IPUIPlugin:80 - create IPUIPlugin
2024-05-05 12:39:23,361 [INFO] PluginManager:220 - loadIPPluginJar : add ts
2024-05-05 12:39:23,393 [INFO] IPUIPlugin:80 - create IPUIPlugin
2024-05-05 12:39:23,393 [INFO] PluginManager:220 - loadIPPluginJar : add tsc
2024-05-05 12:39:23,428 [INFO] IPUIPlugin:80 - create IPUIPlugin
2024-05-05 12:39:23,428 [INFO] PluginManager:220 - loadIPPluginJar : add ucpd
2024-05-05 12:39:23,516 [INFO] IPUIPlugin:80 - create IPUIPlugin
2024-05-05 12:39:23,516 [INFO] PluginManager:220 - loadIPPluginJar : add usart
2024-05-05 12:39:23,580 [INFO] IPUIPlugin:80 - create IPUIPlugin
2024-05-05 12:39:23,580 [INFO] PluginManager:220 - loadIPPluginJar : add usbx
2024-05-05 12:39:24,198 [INFO] CADModel:165 - CPN selected for project level
2024-05-05 12:39:24,198 [INFO] CADModel:114 - Register for checkConnection events
2024-05-05 12:39:24,198 [FATAL] Updater:308 - Updater called before beeing initialized
2024-05-05 12:39:24,198 [ERROR] CADModel:125 - Updater not yet initialized, retry later 
2024-05-05 12:39:25,511 [INFO] ThirdPartyUpdaterWithRetryManager:70 - Updater plugin not ready yet. [3/15]
2024-05-05 12:39:26,144 [INFO] CADModel:165 - CPN selected for project level
2024-05-05 12:39:26,146 [INFO] CADModel:114 - Register for checkConnection events
2024-05-05 12:39:26,146 [FATAL] Updater:308 - Updater called before beeing initialized
2024-05-05 12:39:26,146 [ERROR] CADModel:125 - Updater not yet initialized, retry later 
2024-05-05 12:39:26,151 [FATAL] Updater:308 - Updater called before beeing initialized
2024-05-05 12:39:26,322 [FATAL] Updater:308 - Updater called before beeing initialized
2024-05-05 12:39:26,336 [INFO] DbMcusAds:53 - JSON generation date=Wed Nov 29 16:22:27 IST 2023 (1701255147349)
2024-05-05 12:39:26,336 [FATAL] Updater:308 - Updater called before beeing initialized
2024-05-05 12:39:26,439 [WARN] DetailPanel:346 - Failed to get advertising image, set to default
2024-05-05 12:39:26,536 [FATAL] Updater:308 - Updater called before beeing initialized
2024-05-05 12:39:26,541 [FATAL] Updater:308 - Updater called before beeing initialized
2024-05-05 12:39:26,541 [FATAL] Updater:308 - Updater called before beeing initialized
2024-05-05 12:39:26,541 [WARN] DetailPanel:346 - Failed to get advertising image, set to default
2024-05-05 12:39:26,542 [FATAL] Updater:308 - Updater called before beeing initialized
2024-05-05 12:39:26,622 [ERROR] Updater:1120 - MainUpdater not yet initialized. External WinMGr cannot be set.
2024-05-05 12:39:26,634 [INFO] Updater:1056 - Updater Version found : 6.10.0
2024-05-05 12:39:26,666 [INFO] ApplicationProperties:184 - Using Application install path: C:\ST\STM32CubeIDE_1.14.1\STM32CubeIDE\plugins\com.st.stm32cube.common.mx_6.10.0.202311202037
2024-05-05 12:39:27,523 [INFO] MainUpdater:2873 - connection check result : 10
2024-05-05 12:39:27,523 [INFO] MainUpdater:3567 - Updater definition file requires update
2024-05-05 12:39:27,524 [INFO] MainUpdater:290 - Updater Check For Update Now.
2024-05-05 12:39:27,525 [INFO] MicroXplorer:498 - Change Database Version : DB.6.0.100
2024-05-05 12:39:27,541 [INFO] McuFinderGlobals:63 - Set McuFinder mode to 2 (CubeIDE integrated)
2024-05-05 12:39:28,047 [INFO] ServerAccessManage:473 - Download File updaters.zip
2024-05-05 12:39:28,512 [WARN] MainUpdater:1194 - Updater busy. Cannot search thirdparties
2024-05-05 12:39:28,512 [INFO] ThirdPartyUpdaterWithRetryManager:96 - Updater plugin is busy. [1/15]
2024-05-05 12:39:28,791 [INFO] UserAuth:404 - Internet connection configuration mode: 1
2024-05-05 12:39:28,832 [INFO] JxBrowserEngine:152 - Initiate JxBrowser Engine with user profile folder
2024-05-05 12:39:28,865 [INFO] FileExtend:240 - Unzip File : updaters.zip
2024-05-05 12:39:28,866 [INFO] FileExtend:255 - Standard Zip Deflate
2024-05-05 12:39:29,695 [INFO] ServerAccessManage:473 - Download File PacksControlFlags.xml
2024-05-05 12:39:30,110 [INFO] ServerAccessManage:473 - Download File cubemx.pidx
2024-05-05 12:39:30,982 [INFO] ServerAccessManage:473 - Download File STMicroelectronics.FP-SNS-MOTENV1.pdsc
2024-05-05 12:39:31,513 [WARN] MainUpdater:1194 - Updater busy. Cannot search thirdparties
2024-05-05 12:39:31,513 [INFO] ThirdPartyUpdaterWithRetryManager:96 - Updater plugin is busy. [2/15]
2024-05-05 12:39:32,992 [INFO] WebApp:161 - Instantiating new browser for Auth
2024-05-05 12:39:33,972 [INFO] WebApp:780 - Register for checkConnection events
2024-05-05 12:39:33,973 [INFO] WebApp:414 - Apply proxy settings
2024-05-05 12:39:33,973 [INFO] WebApp:499 - Chromium requires no authentication
2024-05-05 12:39:33,982 [INFO] WebApp:442 - Direct internet connection detected
2024-05-05 12:39:34,174 [INFO] WebApp:192 - Starting web application
2024-05-05 12:39:34,175 [INFO] WebApp:544 - Web application path used C:\ST\STM32CubeIDE_1.14.1\STM32CubeIDE\plugins\com.st.stm32cube.common.mx_6.10.0.202311202037\db\plugins\mcufinder\reactClient1\index.html
2024-05-05 12:39:34,514 [WARN] MainUpdater:1194 - Updater busy. Cannot search thirdparties
2024-05-05 12:39:34,514 [INFO] ThirdPartyUpdaterWithRetryManager:96 - Updater plugin is busy. [3/15]
2024-05-05 12:39:37,515 [WARN] MainUpdater:1194 - Updater busy. Cannot search thirdparties
2024-05-05 12:39:37,515 [INFO] ThirdPartyUpdaterWithRetryManager:96 - Updater plugin is busy. [4/15]
2024-05-05 12:39:39,492 [INFO] ServerAccessManage:473 - Download File STMicroelectronics.FP-SNS-MOTENVWB1.pdsc
2024-05-05 12:39:40,517 [WARN] MainUpdater:1194 - Updater busy. Cannot search thirdparties
2024-05-05 12:39:40,517 [INFO] ThirdPartyUpdaterWithRetryManager:96 - Updater plugin is busy. [5/15]
2024-05-05 12:39:41,621 [INFO] ServerAccessManage:473 - Download File STMicroelectronics.X-CUBE-AI.pdsc
2024-05-05 12:39:43,518 [WARN] MainUpdater:1194 - Updater busy. Cannot search thirdparties
2024-05-05 12:39:43,518 [INFO] ThirdPartyUpdaterWithRetryManager:96 - Updater plugin is busy. [6/15]
2024-05-05 12:39:46,518 [WARN] MainUpdater:1194 - Updater busy. Cannot search thirdparties
2024-05-05 12:39:46,518 [INFO] ThirdPartyUpdaterWithRetryManager:96 - Updater plugin is busy. [7/15]
2024-05-05 12:39:49,521 [WARN] MainUpdater:1194 - Updater busy. Cannot search thirdparties
2024-05-05 12:39:49,521 [INFO] ThirdPartyUpdaterWithRetryManager:96 - Updater plugin is busy. [8/15]
2024-05-05 12:39:50,763 [INFO] ServerAccessManage:473 - Download File STMicroelectronics.X-CUBE-BLEMGR.pdsc
2024-05-05 12:39:52,524 [WARN] MainUpdater:1194 - Updater busy. Cannot search thirdparties
2024-05-05 12:39:52,524 [INFO] ThirdPartyUpdaterWithRetryManager:96 - Updater plugin is busy. [9/15]
2024-05-05 12:39:55,525 [WARN] MainUpdater:1194 - Updater busy. Cannot search thirdparties
2024-05-05 12:39:55,525 [INFO] ThirdPartyUpdaterWithRetryManager:96 - Updater plugin is busy. [10/15]
2024-05-05 12:39:57,227 [INFO] ServerAccessManage:473 - Download File STMicroelectronics.X-CUBE-FREERTOS.pdsc
2024-05-05 12:39:58,526 [WARN] MainUpdater:1194 - Updater busy. Cannot search thirdparties
2024-05-05 12:39:58,526 [INFO] ThirdPartyUpdaterWithRetryManager:96 - Updater plugin is busy. [11/15]
2024-05-05 12:39:58,871 [ERROR] LogOutputStream:75 - [STDERR_REDIRECT] SLF4J: Failed to load class "org.slf4j.impl.StaticLoggerBinder".
2024-05-05 12:39:58,872 [ERROR] LogOutputStream:75 - [STDERR_REDIRECT] SLF4J: Defaulting to no-operation (NOP) logger implementation
2024-05-05 12:39:58,873 [ERROR] LogOutputStream:75 - [STDERR_REDIRECT] SLF4J: See http://www.slf4j.org/codes.html#StaticLoggerBinder for further details.
2024-05-05 12:39:59,940 [INFO] ServerAccessManage:473 - Download File STMicroelectronics.X-CUBE-NFC6.pdsc
2024-05-05 12:40:01,527 [WARN] MainUpdater:1194 - Updater busy. Cannot search thirdparties
2024-05-05 12:40:01,528 [INFO] ThirdPartyUpdaterWithRetryManager:96 - Updater plugin is busy. [12/15]
2024-05-05 12:40:01,594 [INFO] ServerAccessManage:473 - Download File STMicroelectronics.X-CUBE-SAFEA1.pdsc
2024-05-05 12:40:02,911 [INFO] ServerAccessManage:473 - Download File STMicroelectronics.X-CUBE-TCPP.pdsc
2024-05-05 12:40:04,327 [INFO] ServerAccessManage:473 - Download File STMicroelectronics.X-CUBE-TOF1.pdsc
2024-05-05 12:40:04,528 [WARN] MainUpdater:1194 - Updater busy. Cannot search thirdparties
2024-05-05 12:40:04,528 [INFO] ThirdPartyUpdaterWithRetryManager:96 - Updater plugin is busy. [13/15]
2024-05-05 12:40:07,530 [WARN] MainUpdater:1194 - Updater busy. Cannot search thirdparties
2024-05-05 12:40:07,530 [INFO] ThirdPartyUpdaterWithRetryManager:96 - Updater plugin is busy. [14/15]
2024-05-05 12:40:10,531 [WARN] MainUpdater:1194 - Updater busy. Cannot search thirdparties
2024-05-05 12:40:10,531 [INFO] ThirdPartyUpdaterWithRetryManager:96 - Updater plugin is busy. [15/15]
2024-05-05 12:40:10,531 [ERROR] IntegrityCheckThread:130 - Cannot retrieve database content from updater: error -1
2024-05-05 12:40:10,531 [INFO] ThirdParty:978 - Integrity check success = false
2024-05-05 12:40:10,531 [INFO] IntegrityCheckThread:100 - exiting critical section [integrity check]
2024-05-05 12:40:10,532 [INFO] IntegrityCheckThread:103 - End integrity checks thread
2024-05-05 12:40:12,393 [ERROR] ServerAccessManage:1089 - Problem, file not found on Server
2024-05-05 12:40:13,515 [INFO] ServerAccessManage:473 - Download File STMicroelectronics.X-CUBE-TOUCHGFX.pdsc
2024-05-05 12:40:24,606 [INFO] ServerAccessManage:473 - Download File STMicroelectronics.X-CUBE-AZRTOS-H7RS.pdsc
2024-05-05 12:40:27,779 [INFO] ServerAccessManage:473 - Download File Cesanta.I-CUBE-Mongoose.pdsc
2024-05-05 12:40:29,393 [ERROR] ServerAccessManage:1089 - Problem, file not found on Server
2024-05-05 12:40:29,648 [WARN] PackLoader:240 - Cannot read IP mode file for STMicroelectronics.FP-SNS-MOTENV1.5.0.0
2024-05-05 12:40:29,659 [WARN] PackLoader:240 - Cannot read IP mode file for STMicroelectronics.FP-SNS-MOTENVWB1.1.4.0
2024-05-05 12:40:29,669 [WARN] PackLoader:240 - Cannot read IP mode file for STMicroelectronics.X-CUBE-AI.9.0.0
2024-05-05 12:40:29,686 [WARN] PackLoader:240 - Cannot read IP mode file for STMicroelectronics.X-CUBE-BLEMGR.3.1.0
2024-05-05 12:40:29,703 [WARN] PackLoader:240 - Cannot read IP mode file for STMicroelectronics.X-CUBE-FREERTOS.1.2.0
2024-05-05 12:40:29,717 [WARN] PackLoader:240 - Cannot read IP mode file for STMicroelectronics.X-CUBE-NFC6.3.1.0
2024-05-05 12:40:29,729 [WARN] PackLoader:240 - Cannot read IP mode file for STMicroelectronics.X-CUBE-SAFEA1.1.2.2
2024-05-05 12:40:29,743 [WARN] PackLoader:240 - Cannot read IP mode file for STMicroelectronics.X-CUBE-TCPP.4.1.0
2024-05-05 12:40:29,760 [WARN] PackLoader:240 - Cannot read IP mode file for STMicroelectronics.X-CUBE-TOF1.3.4.1
2024-05-05 12:40:29,774 [INFO] CheckServerUpdateThread:120 - End of CheckServer Thread
2024-05-05 12:40:29,782 [WARN] PackLoader:240 - Cannot read IP mode file for STMicroelectronics.X-CUBE-TOUCHGFX.4.23.2
2024-05-05 12:40:29,802 [WARN] PackLoader:240 - Cannot read IP mode file for STMicroelectronics.X-CUBE-AZRTOS-H7RS.1.0.0
2024-05-05 12:40:29,810 [WARN] PackLoader:240 - Cannot read IP mode file for Cesanta.I-CUBE-Mongoose.7.13.0
2024-05-05 12:40:29,810 [INFO] PopulateThirdPartyThread:66 - Ending populate Thread
2024-05-05 12:40:29,812 [INFO] ThirdParty:1030 - CMSIS Pack Vendor :STMicroelectronics X-CUBE-BLEMGR 3.1.0
2024-05-05 12:40:29,813 [INFO] ThirdParty:1030 - CMSIS Pack Vendor :STMicroelectronics X-CUBE-FREERTOS 1.2.0
2024-05-05 12:40:29,813 [INFO] ThirdParty:1030 - CMSIS Pack Vendor :Cesanta I-CUBE-Mongoose 7.13.0
2024-05-05 12:40:29,813 [INFO] ThirdParty:1030 - CMSIS Pack Vendor :STMicroelectronics FP-SNS-MOTENVWB1 1.4.0
2024-05-05 12:40:29,813 [INFO] ThirdParty:1030 - CMSIS Pack Vendor :STMicroelectronics X-CUBE-AI 9.0.0
2024-05-05 12:40:29,813 [INFO] ThirdParty:1030 - CMSIS Pack Vendor :STMicroelectronics X-CUBE-TOF1 3.4.1
2024-05-05 12:40:29,813 [INFO] ThirdParty:1030 - CMSIS Pack Vendor :STMicroelectronics X-CUBE-TOUCHGFX 4.23.2
2024-05-05 12:40:29,813 [INFO] ThirdParty:1030 - CMSIS Pack Vendor :STMicroelectronics FP-SNS-MOTENV1 5.0.0
2024-05-05 12:40:29,813 [INFO] ThirdParty:1030 - CMSIS Pack Vendor :STMicroelectronics X-CUBE-SAFEA1 1.2.2
2024-05-05 12:40:29,813 [INFO] ThirdParty:1030 - CMSIS Pack Vendor :STMicroelectronics X-CUBE-NFC6 3.1.0
2024-05-05 12:40:29,813 [INFO] ThirdParty:1030 - CMSIS Pack Vendor :STMicroelectronics X-CUBE-TCPP 4.1.0
2024-05-05 12:40:29,813 [INFO] ThirdParty:1030 - CMSIS Pack Vendor :STMicroelectronics X-CUBE-AZRTOS-H7RS 1.0.0
2024-05-05 12:40:29,813 [INFO] LoadServerUpdatesThread:375 - End of LoadServerUpdate Thread
